{"/home/rakesh/Documents/evergent-react/app/store.js": {"path":"/home/rakesh/Documents/evergent-react/app/store.js","statementMap":{"0":{"start":{"line":7,"column":25},"end":{"line":7,"column":39}},"1":{"start":{"line":9,"column":21},"end":{"line":15,"column":1}}},"fnMap":{},"branchMap":{},"s":{"0":5,"1":5},"f":{},"b":{},"_coverageSchema":"332fd63041d2c1bcb487cc26dd0d5f7d97098a6c","hash":"6d50b1fd5d2a1fa2f838fa0c2186ff301be552f2"}
,"/home/rakesh/Documents/evergent-react/app/BusinessUnit/AddBusinessUnit.js": {"path":"/home/rakesh/Documents/evergent-react/app/BusinessUnit/AddBusinessUnit.js","statementMap":{"0":{"start":{"line":15,"column":4},"end":{"line":15,"column":17}},"1":{"start":{"line":16,"column":4},"end":{"line":16,"column":41}},"2":{"start":{"line":17,"column":4},"end":{"line":83,"column":7}},"3":{"start":{"line":85,"column":4},"end":{"line":110,"column":6}},"4":{"start":{"line":111,"column":4},"end":{"line":115,"column":6}},"5":{"start":{"line":116,"column":4},"end":{"line":116,"column":35}},"6":{"start":{"line":117,"column":4},"end":{"line":117,"column":31}},"7":{"start":{"line":118,"column":4},"end":{"line":118,"column":27}},"8":{"start":{"line":119,"column":4},"end":{"line":119,"column":53}},"9":{"start":{"line":120,"column":4},"end":{"line":120,"column":63}},"10":{"start":{"line":121,"column":4},"end":{"line":121,"column":63}},"11":{"start":{"line":125,"column":4},"end":{"line":125,"column":23}},"12":{"start":{"line":126,"column":23},"end":{"line":126,"column":58}},"13":{"start":{"line":127,"column":4},"end":{"line":127,"column":34}},"14":{"start":{"line":128,"column":4},"end":{"line":128,"column":26}},"15":{"start":{"line":129,"column":4},"end":{"line":242,"column":5}},"16":{"start":{"line":130,"column":6},"end":{"line":130,"column":42}},"17":{"start":{"line":131,"column":24},"end":{"line":148,"column":7}},"18":{"start":{"line":149,"column":6},"end":{"line":149,"column":34}},"19":{"start":{"line":150,"column":6},"end":{"line":150,"column":82}},"20":{"start":{"line":151,"column":6},"end":{"line":151,"column":53}},"21":{"start":{"line":152,"column":6},"end":{"line":152,"column":59}},"22":{"start":{"line":153,"column":6},"end":{"line":165,"column":7}},"23":{"start":{"line":154,"column":8},"end":{"line":164,"column":11}},"24":{"start":{"line":166,"column":6},"end":{"line":239,"column":10}},"25":{"start":{"line":169,"column":12},"end":{"line":233,"column":13}},"26":{"start":{"line":170,"column":35},"end":{"line":215,"column":15}},"27":{"start":{"line":216,"column":14},"end":{"line":228,"column":24}},"28":{"start":{"line":217,"column":16},"end":{"line":227,"column":23}},"29":{"start":{"line":220,"column":22},"end":{"line":220,"column":69}},"30":{"start":{"line":221,"column":22},"end":{"line":221,"column":59}},"31":{"start":{"line":222,"column":22},"end":{"line":222,"column":58}},"32":{"start":{"line":225,"column":22},"end":{"line":225,"column":59}},"33":{"start":{"line":226,"column":22},"end":{"line":226,"column":75}},"34":{"start":{"line":230,"column":14},"end":{"line":230,"column":51}},"35":{"start":{"line":231,"column":14},"end":{"line":231,"column":61}},"36":{"start":{"line":232,"column":14},"end":{"line":232,"column":50}},"37":{"start":{"line":236,"column":12},"end":{"line":236,"column":49}},"38":{"start":{"line":237,"column":12},"end":{"line":237,"column":65}},"39":{"start":{"line":246,"column":4},"end":{"line":266,"column":7}},"40":{"start":{"line":267,"column":4},"end":{"line":272,"column":5}},"41":{"start":{"line":268,"column":6},"end":{"line":268,"column":65}},"42":{"start":{"line":269,"column":6},"end":{"line":269,"column":39}},"43":{"start":{"line":270,"column":11},"end":{"line":272,"column":5}},"44":{"start":{"line":271,"column":6},"end":{"line":271,"column":28}},"45":{"start":{"line":276,"column":4},"end":{"line":276,"column":23}},"46":{"start":{"line":277,"column":28},"end":{"line":277,"column":36}},"47":{"start":{"line":278,"column":4},"end":{"line":278,"column":37}},"48":{"start":{"line":279,"column":4},"end":{"line":283,"column":5}},"49":{"start":{"line":280,"column":23},"end":{"line":280,"column":75}},"50":{"start":{"line":280,"column":52},"end":{"line":280,"column":74}},"51":{"start":{"line":281,"column":26},"end":{"line":281,"column":76}},"52":{"start":{"line":281,"column":49},"end":{"line":281,"column":75}},"53":{"start":{"line":282,"column":6},"end":{"line":282,"column":37}},"54":{"start":{"line":290,"column":4},"end":{"line":293,"column":7}},"55":{"start":{"line":297,"column":4},"end":{"line":299,"column":7}},"56":{"start":{"line":303,"column":23},"end":{"line":305,"column":27}},"57":{"start":{"line":306,"column":4},"end":{"line":493,"column":6}},"58":{"start":{"line":377,"column":18},"end":{"line":379,"column":27}},"59":{"start":{"line":390,"column":18},"end":{"line":392,"column":27}},"60":{"start":{"line":488,"column":75},"end":{"line":488,"column":115}},"61":{"start":{"line":489,"column":75},"end":{"line":489,"column":104}}},"fnMap":{"0":{"name":"(anonymous_0)","decl":{"start":{"line":14,"column":2},"end":{"line":14,"column":3}},"loc":{"start":{"line":14,"column":21},"end":{"line":122,"column":3}},"line":14},"1":{"name":"(anonymous_1)","decl":{"start":{"line":124,"column":17},"end":{"line":124,"column":18}},"loc":{"start":{"line":124,"column":30},"end":{"line":243,"column":3}},"line":124},"2":{"name":"(anonymous_2)","decl":{"start":{"line":168,"column":10},"end":{"line":168,"column":11}},"loc":{"start":{"line":168,"column":16},"end":{"line":234,"column":11}},"line":168},"3":{"name":"(anonymous_3)","decl":{"start":{"line":216,"column":25},"end":{"line":216,"column":26}},"loc":{"start":{"line":216,"column":31},"end":{"line":228,"column":15}},"line":216},"4":{"name":"(anonymous_4)","decl":{"start":{"line":219,"column":20},"end":{"line":219,"column":21}},"loc":{"start":{"line":219,"column":26},"end":{"line":223,"column":21}},"line":219},"5":{"name":"(anonymous_5)","decl":{"start":{"line":224,"column":20},"end":{"line":224,"column":21}},"loc":{"start":{"line":224,"column":31},"end":{"line":227,"column":21}},"line":224},"6":{"name":"(anonymous_6)","decl":{"start":{"line":235,"column":10},"end":{"line":235,"column":11}},"loc":{"start":{"line":235,"column":21},"end":{"line":238,"column":11}},"line":235},"7":{"name":"(anonymous_7)","decl":{"start":{"line":245,"column":17},"end":{"line":245,"column":18}},"loc":{"start":{"line":245,"column":38},"end":{"line":273,"column":3}},"line":245},"8":{"name":"(anonymous_8)","decl":{"start":{"line":275,"column":16},"end":{"line":275,"column":17}},"loc":{"start":{"line":275,"column":23},"end":{"line":287,"column":3}},"line":275},"9":{"name":"(anonymous_9)","decl":{"start":{"line":280,"column":39},"end":{"line":280,"column":40}},"loc":{"start":{"line":280,"column":52},"end":{"line":280,"column":74}},"line":280},"10":{"name":"(anonymous_10)","decl":{"start":{"line":281,"column":39},"end":{"line":281,"column":40}},"loc":{"start":{"line":281,"column":49},"end":{"line":281,"column":75}},"line":281},"11":{"name":"(anonymous_11)","decl":{"start":{"line":289,"column":21},"end":{"line":289,"column":22}},"loc":{"start":{"line":289,"column":28},"end":{"line":294,"column":3}},"line":289},"12":{"name":"(anonymous_12)","decl":{"start":{"line":296,"column":22},"end":{"line":296,"column":23}},"loc":{"start":{"line":296,"column":29},"end":{"line":300,"column":3}},"line":296},"13":{"name":"(anonymous_13)","decl":{"start":{"line":302,"column":2},"end":{"line":302,"column":3}},"loc":{"start":{"line":302,"column":11},"end":{"line":494,"column":3}},"line":302},"14":{"name":"(anonymous_14)","decl":{"start":{"line":376,"column":38},"end":{"line":376,"column":39}},"loc":{"start":{"line":377,"column":18},"end":{"line":379,"column":27}},"line":377},"15":{"name":"(anonymous_15)","decl":{"start":{"line":389,"column":36},"end":{"line":389,"column":37}},"loc":{"start":{"line":390,"column":18},"end":{"line":392,"column":27}},"line":390},"16":{"name":"(anonymous_16)","decl":{"start":{"line":488,"column":66},"end":{"line":488,"column":67}},"loc":{"start":{"line":488,"column":73},"end":{"line":488,"column":117}},"line":488},"17":{"name":"(anonymous_17)","decl":{"start":{"line":489,"column":66},"end":{"line":489,"column":67}},"loc":{"start":{"line":489,"column":73},"end":{"line":489,"column":106}},"line":489}},"branchMap":{"0":{"loc":{"start":{"line":129,"column":4},"end":{"line":242,"column":5}},"type":"if","locations":[{"start":{"line":129,"column":4},"end":{"line":242,"column":5}},{"start":{"line":129,"column":4},"end":{"line":242,"column":5}}],"line":129},"1":{"loc":{"start":{"line":153,"column":6},"end":{"line":165,"column":7}},"type":"if","locations":[{"start":{"line":153,"column":6},"end":{"line":165,"column":7}},{"start":{"line":153,"column":6},"end":{"line":165,"column":7}}],"line":153},"2":{"loc":{"start":{"line":169,"column":12},"end":{"line":233,"column":13}},"type":"if","locations":[{"start":{"line":169,"column":12},"end":{"line":233,"column":13}},{"start":{"line":169,"column":12},"end":{"line":233,"column":13}}],"line":169},"3":{"loc":{"start":{"line":267,"column":4},"end":{"line":272,"column":5}},"type":"if","locations":[{"start":{"line":267,"column":4},"end":{"line":272,"column":5}},{"start":{"line":267,"column":4},"end":{"line":272,"column":5}}],"line":267},"4":{"loc":{"start":{"line":270,"column":11},"end":{"line":272,"column":5}},"type":"if","locations":[{"start":{"line":270,"column":11},"end":{"line":272,"column":5}},{"start":{"line":270,"column":11},"end":{"line":272,"column":5}}],"line":270},"5":{"loc":{"start":{"line":279,"column":4},"end":{"line":283,"column":5}},"type":"if","locations":[{"start":{"line":279,"column":4},"end":{"line":283,"column":5}},{"start":{"line":279,"column":4},"end":{"line":283,"column":5}}],"line":279},"6":{"loc":{"start":{"line":303,"column":23},"end":{"line":305,"column":27}},"type":"cond-expr","locations":[{"start":{"line":304,"column":6},"end":{"line":304,"column":41}},{"start":{"line":305,"column":6},"end":{"line":305,"column":27}}],"line":303},"7":{"loc":{"start":{"line":485,"column":13},"end":{"line":486,"column":957}},"type":"binary-expr","locations":[{"start":{"line":485,"column":13},"end":{"line":485,"column":34}},{"start":{"line":486,"column":14},"end":{"line":486,"column":957}}],"line":485}},"s":{"0":3,"1":3,"2":3,"3":3,"4":3,"5":3,"6":3,"7":3,"8":3,"9":3,"10":3,"11":2,"12":2,"13":2,"14":2,"15":2,"16":2,"17":2,"18":2,"19":2,"20":2,"21":2,"22":2,"23":0,"24":2,"25":0,"26":0,"27":0,"28":0,"29":0,"30":0,"31":0,"32":0,"33":0,"34":0,"35":0,"36":0,"37":0,"38":0,"39":0,"40":0,"41":0,"42":0,"43":0,"44":0,"45":0,"46":0,"47":0,"48":0,"49":0,"50":0,"51":0,"52":0,"53":0,"54":0,"55":0,"56":9,"57":9,"58":27,"59":45,"60":1,"61":1},"f":{"0":3,"1":2,"2":0,"3":0,"4":0,"5":0,"6":0,"7":0,"8":0,"9":0,"10":0,"11":0,"12":0,"13":9,"14":27,"15":45,"16":1,"17":1},"b":{"0":[2,0],"1":[0,2],"2":[0,0],"3":[0,0],"4":[0,0],"5":[0,0],"6":[2,7],"7":[9,2]},"_coverageSchema":"332fd63041d2c1bcb487cc26dd0d5f7d97098a6c","hash":"100e522921818fb180aa8216eb86e3db1275e87a"}
,"/home/rakesh/Documents/evergent-react/app/BusinessUnit/BusinessUnit.js": {"path":"/home/rakesh/Documents/evergent-react/app/BusinessUnit/BusinessUnit.js","statementMap":{"0":{"start":{"line":9,"column":0},"end":{"line":null,"column":-1}},"1":{"start":{"line":10,"column":0},"end":{"line":null,"column":-1}},"2":{"start":{"line":11,"column":0},"end":{"line":null,"column":-1}},"3":{"start":{"line":12,"column":0},"end":{"line":null,"column":-1}},"4":{"start":{"line":13,"column":0},"end":{"line":null,"column":-1}},"5":{"start":{"line":14,"column":0},"end":{"line":null,"column":-1}},"6":{"start":{"line":15,"column":0},"end":{"line":null,"column":-1}},"7":{"start":{"line":16,"column":0},"end":{"line":null,"column":-1}},"8":{"start":{"line":17,"column":0},"end":{"line":null,"column":-1}},"9":{"start":{"line":19,"column":20},"end":{"line":19,"column":0}},"10":{"start":{"line":22,"column":21},"end":{"line":null,"column":-1}},"11":{"start":{"line":52,"column":4},"end":{"line":null,"column":-1}},"12":{"start":{"line":56,"column":4},"end":{"line":null,"column":-1}},"13":{"start":{"line":60,"column":4},"end":{"line":65,"column":5}},"14":{"start":{"line":61,"column":6},"end":{"line":null,"column":-1}},"15":{"start":{"line":66,"column":4},"end":{"line":null,"column":-1}},"16":{"start":{"line":68,"column":8},"end":{"line":null,"column":-1}},"17":{"start":{"line":69,"column":8},"end":{"line":null,"column":-1}},"18":{"start":{"line":71,"column":8},"end":{"line":null,"column":-1}},"19":{"start":{"line":72,"column":8},"end":{"line":null,"column":-1}},"20":{"start":{"line":24,"column":4},"end":{"line":null,"column":-1}},"21":{"start":{"line":25,"column":4},"end":{"line":null,"column":-1}},"22":{"start":{"line":26,"column":4},"end":{"line":null,"column":-1}},"23":{"start":{"line":27,"column":4},"end":{"line":40,"column":5}},"24":{"start":{"line":28,"column":6},"end":{"line":null,"column":-1}},"25":{"start":{"line":32,"column":6},"end":{"line":null,"column":-1}},"26":{"start":{"line":34,"column":6},"end":{"line":null,"column":-1}},"27":{"start":{"line":39,"column":6},"end":{"line":null,"column":-1}},"28":{"start":{"line":41,"column":4},"end":{"line":null,"column":-1}},"29":{"start":{"line":46,"column":4},"end":{"line":48,"column":5}},"30":{"start":{"line":47,"column":6},"end":{"line":null,"column":-1}},"31":{"start":{"line":77,"column":11},"end":{"line":null,"column":-1}},"32":{"start":{"line":78,"column":18},"end":{"line":78,"column":4}},"33":{"start":{"line":79,"column":26},"end":{"line":79,"column":4}},"34":{"start":{"line":80,"column":4},"end":{"line":null,"column":-1}},"35":{"start":{"line":88,"column":31},"end":{"line":null,"column":-1}},"36":{"start":{"line":96,"column":31},"end":{"line":null,"column":-1}},"37":{"start":{"line":105,"column":31},"end":{"line":null,"column":-1}}},"fnMap":{"0":{"name":"BusinessUnit","decl":{"start":{"line":22,"column":2},"end":{"line":22,"column":13}},"loc":{"start":{"line":22,"column":21},"end":{"line":42,"column":3}}},"1":{"name":"(anonymous_9)","decl":{"start":{"line":51,"column":11},"end":{"line":51,"column":11}},"loc":{"start":{"line":51,"column":20},"end":{"line":22,"column":21}}},"2":{"name":"(anonymous_10)","decl":{"start":{"line":55,"column":24},"end":{"line":55,"column":24}},"loc":{"start":{"line":55,"column":32},"end":{"line":22,"column":21}}},"3":{"name":"(anonymous_11)","decl":{"start":{"line":59,"column":16},"end":{"line":59,"column":16}},"loc":{"start":{"line":59,"column":25},"end":{"line":22,"column":21}}},"4":{"name":"onClick","decl":{"start":{"line":88,"column":23},"end":{"line":88,"column":28}},"loc":{"start":{"line":88,"column":29},"end":{"line":88,"column":60}}},"5":{"name":"onClick","decl":{"start":{"line":96,"column":23},"end":{"line":96,"column":28}},"loc":{"start":{"line":96,"column":29},"end":{"line":94,"column":12}}},"6":{"name":"onClick","decl":{"start":{"line":105,"column":23},"end":{"line":105,"column":28}},"loc":{"start":{"line":105,"column":29},"end":{"line":103,"column":12}}}},"branchMap":{"0":{"loc":{"start":{"line":22,"column":21},"end":{"line":23,"column":9}},"type":"binary-expr","locations":[{"start":{"line":22,"column":21},"end":{"line":23,"column":9}},{"start":{"line":22,"column":21},"end":{"line":23,"column":9}}]},"1":{"loc":{"start":{"line":60,"column":4},"end":{"line":65,"column":5}},"type":"if","locations":[{"start":{"line":60,"column":4},"end":{"line":65,"column":5}},{"start":{"line":60,"column":4},"end":{"line":65,"column":5}}]},"2":{"loc":{"start":{"line":67,"column":6},"end":{"line":69,"column":8}},"type":"switch","locations":[{"start":{"line":67,"column":6},"end":{"line":69,"column":8}},{"start":{"line":70,"column":6},"end":{"line":72,"column":8}},{"start":{"line":73,"column":6},"end":{"line":null,"column":-1}}]},"3":{"loc":{"start":{"line":27,"column":4},"end":{"line":40,"column":5}},"type":"if","locations":[{"start":{"line":27,"column":4},"end":{"line":40,"column":5}},{"start":{"line":27,"column":4},"end":{"line":40,"column":5}}]},"4":{"loc":{"start":{"line":27,"column":8},"end":{"line":27,"column":7}},"type":"binary-expr","locations":[{"start":{"line":27,"column":8},"end":{"line":27,"column":7}},{"start":{"line":27,"column":31},"end":{"line":27,"column":4}}]},"5":{"loc":{"start":{"line":46,"column":4},"end":{"line":48,"column":5}},"type":"if","locations":[{"start":{"line":46,"column":4},"end":{"line":48,"column":5}},{"start":{"line":46,"column":4},"end":{"line":48,"column":5}}]}},"s":{"0":0,"1":0,"2":0,"3":0,"4":0,"5":0,"6":0,"7":0,"8":0,"9":0,"10":0,"11":0,"12":0,"13":0,"14":0,"15":0,"16":0,"17":0,"18":0,"19":0,"20":0,"21":0,"22":0,"23":0,"24":0,"25":0,"26":0,"27":0,"28":0,"29":0,"30":0,"31":0,"32":0,"33":0,"34":0,"35":0,"36":0,"37":0},"f":{"0":0,"1":0,"2":0,"3":0,"4":0,"5":0,"6":0},"b":{"0":[0,0],"1":[0,0],"2":[0,0,0],"3":[0,0],"4":[0,0],"5":[0,0]}}
,"/home/rakesh/Documents/evergent-react/app/BusinessUnit/BusinessUnitList.js": {"path":"/home/rakesh/Documents/evergent-react/app/BusinessUnit/BusinessUnitList.js","statementMap":{"0":{"start":{"line":11,"column":4},"end":{"line":11,"column":12}},"1":{"start":{"line":13,"column":4},"end":{"line":16,"column":6}},"2":{"start":{"line":18,"column":4},"end":{"line":35,"column":7}},"3":{"start":{"line":33,"column":22},"end":{"line":33,"column":139}},"4":{"start":{"line":39,"column":4},"end":{"line":39,"column":26}},"5":{"start":{"line":40,"column":4},"end":{"line":58,"column":8}},"6":{"start":{"line":43,"column":10},"end":{"line":51,"column":11}},"7":{"start":{"line":44,"column":12},"end":{"line":46,"column":15}},"8":{"start":{"line":48,"column":12},"end":{"line":50,"column":15}},"9":{"start":{"line":52,"column":10},"end":{"line":52,"column":33}},"10":{"start":{"line":55,"column":10},"end":{"line":55,"column":52}},"11":{"start":{"line":56,"column":10},"end":{"line":56,"column":33}},"12":{"start":{"line":65,"column":3},"end":{"line":73,"column":4}},"13":{"start":{"line":66,"column":5},"end":{"line":68,"column":8}},"14":{"start":{"line":70,"column":5},"end":{"line":72,"column":8}},"15":{"start":{"line":76,"column":3},"end":{"line":88,"column":5}}},"fnMap":{"0":{"name":"(anonymous_0)","decl":{"start":{"line":10,"column":2},"end":{"line":10,"column":3}},"loc":{"start":{"line":10,"column":16},"end":{"line":36,"column":3}},"line":10},"1":{"name":"(anonymous_1)","decl":{"start":{"line":33,"column":12},"end":{"line":33,"column":13}},"loc":{"start":{"line":33,"column":22},"end":{"line":33,"column":139}},"line":33},"2":{"name":"(anonymous_2)","decl":{"start":{"line":38,"column":2},"end":{"line":38,"column":3}},"loc":{"start":{"line":38,"column":22},"end":{"line":59,"column":3}},"line":38},"3":{"name":"(anonymous_3)","decl":{"start":{"line":42,"column":8},"end":{"line":42,"column":9}},"loc":{"start":{"line":42,"column":21},"end":{"line":53,"column":9}},"line":42},"4":{"name":"(anonymous_4)","decl":{"start":{"line":54,"column":8},"end":{"line":54,"column":9}},"loc":{"start":{"line":54,"column":19},"end":{"line":57,"column":9}},"line":54},"5":{"name":"(anonymous_5)","decl":{"start":{"line":64,"column":12},"end":{"line":64,"column":13}},"loc":{"start":{"line":64,"column":25},"end":{"line":74,"column":2}},"line":64},"6":{"name":"(anonymous_6)","decl":{"start":{"line":75,"column":1},"end":{"line":75,"column":2}},"loc":{"start":{"line":75,"column":10},"end":{"line":89,"column":2}},"line":75}},"branchMap":{"0":{"loc":{"start":{"line":43,"column":10},"end":{"line":51,"column":11}},"type":"if","locations":[{"start":{"line":43,"column":10},"end":{"line":51,"column":11}},{"start":{"line":43,"column":10},"end":{"line":51,"column":11}}],"line":43},"1":{"loc":{"start":{"line":65,"column":3},"end":{"line":73,"column":4}},"type":"if","locations":[{"start":{"line":65,"column":3},"end":{"line":73,"column":4}},{"start":{"line":65,"column":3},"end":{"line":73,"column":4}}],"line":65}},"s":{"0":2,"1":2,"2":2,"3":0,"4":2,"5":2,"6":0,"7":0,"8":0,"9":0,"10":0,"11":0,"12":2,"13":2,"14":0,"15":4},"f":{"0":2,"1":0,"2":2,"3":0,"4":0,"5":2,"6":4},"b":{"0":[0,0],"1":[2,0]},"_coverageSchema":"332fd63041d2c1bcb487cc26dd0d5f7d97098a6c","hash":"0639eb9411e2dc1385258eb00f464b5a5daaad44"}
,"/home/rakesh/Documents/evergent-react/app/Campaigns/AddCampaigns.js": {"path":"/home/rakesh/Documents/evergent-react/app/Campaigns/AddCampaigns.js","statementMap":{"0":{"start":{"line":16,"column":4},"end":{"line":16,"column":17}},"1":{"start":{"line":18,"column":4},"end":{"line":67,"column":7}},"2":{"start":{"line":68,"column":4},"end":{"line":86,"column":7}},"3":{"start":{"line":87,"column":4},"end":{"line":104,"column":6}},"4":{"start":{"line":105,"column":4},"end":{"line":105,"column":27}},"5":{"start":{"line":106,"column":4},"end":{"line":106,"column":53}},"6":{"start":{"line":107,"column":4},"end":{"line":107,"column":63}},"7":{"start":{"line":108,"column":4},"end":{"line":108,"column":59}},"8":{"start":{"line":109,"column":4},"end":{"line":109,"column":63}},"9":{"start":{"line":110,"column":4},"end":{"line":110,"column":65}},"10":{"start":{"line":115,"column":4},"end":{"line":115,"column":23}},"11":{"start":{"line":116,"column":4},"end":{"line":124,"column":5}},"12":{"start":{"line":117,"column":6},"end":{"line":117,"column":54}},"13":{"start":{"line":118,"column":6},"end":{"line":118,"column":33}},"14":{"start":{"line":119,"column":6},"end":{"line":119,"column":31}},"15":{"start":{"line":121,"column":6},"end":{"line":121,"column":51}},"16":{"start":{"line":122,"column":6},"end":{"line":122,"column":30}},"17":{"start":{"line":123,"column":6},"end":{"line":123,"column":32}},"18":{"start":{"line":128,"column":6},"end":{"line":143,"column":13}},"19":{"start":{"line":131,"column":12},"end":{"line":133,"column":13}},"20":{"start":{"line":132,"column":14},"end":{"line":132,"column":82}},"21":{"start":{"line":134,"column":12},"end":{"line":136,"column":15}},"22":{"start":{"line":140,"column":12},"end":{"line":142,"column":15}},"23":{"start":{"line":147,"column":6},"end":{"line":149,"column":9}},"24":{"start":{"line":152,"column":6},"end":{"line":154,"column":9}},"25":{"start":{"line":157,"column":6},"end":{"line":159,"column":9}},"26":{"start":{"line":162,"column":6},"end":{"line":164,"column":9}},"27":{"start":{"line":167,"column":6},"end":{"line":169,"column":9}},"28":{"start":{"line":170,"column":6},"end":{"line":174,"column":7}},"29":{"start":{"line":171,"column":8},"end":{"line":171,"column":57}},"30":{"start":{"line":173,"column":8},"end":{"line":173,"column":43}},"31":{"start":{"line":177,"column":6},"end":{"line":194,"column":7}},"32":{"start":{"line":178,"column":28},"end":{"line":178,"column":62}},"33":{"start":{"line":179,"column":30},"end":{"line":179,"column":51}},"34":{"start":{"line":180,"column":8},"end":{"line":189,"column":11}},"35":{"start":{"line":191,"column":8},"end":{"line":193,"column":11}},"36":{"start":{"line":198,"column":6},"end":{"line":198,"column":25}},"37":{"start":{"line":199,"column":25},"end":{"line":199,"column":60}},"38":{"start":{"line":200,"column":6},"end":{"line":200,"column":36}},"39":{"start":{"line":201,"column":6},"end":{"line":201,"column":28}},"40":{"start":{"line":202,"column":6},"end":{"line":231,"column":7}},"41":{"start":{"line":203,"column":8},"end":{"line":203,"column":44}},"42":{"start":{"line":204,"column":20},"end":{"line":206,"column":9}},"43":{"start":{"line":207,"column":8},"end":{"line":207,"column":30}},"44":{"start":{"line":208,"column":8},"end":{"line":208,"column":37}},"45":{"start":{"line":209,"column":8},"end":{"line":209,"column":35}},"46":{"start":{"line":210,"column":8},"end":{"line":210,"column":28}},"47":{"start":{"line":211,"column":8},"end":{"line":211,"column":29}},"48":{"start":{"line":212,"column":8},"end":{"line":212,"column":30}},"49":{"start":{"line":213,"column":8},"end":{"line":213,"column":58}},"50":{"start":{"line":216,"column":8},"end":{"line":216,"column":26}},"51":{"start":{"line":217,"column":8},"end":{"line":217,"column":53}},"52":{"start":{"line":218,"column":8},"end":{"line":228,"column":13}},"53":{"start":{"line":220,"column":12},"end":{"line":220,"column":59}},"54":{"start":{"line":221,"column":12},"end":{"line":221,"column":49}},"55":{"start":{"line":223,"column":12},"end":{"line":223,"column":66}},"56":{"start":{"line":226,"column":12},"end":{"line":226,"column":49}},"57":{"start":{"line":227,"column":12},"end":{"line":227,"column":65}},"58":{"start":{"line":234,"column":25},"end":{"line":236,"column":29}},"59":{"start":{"line":237,"column":6},"end":{"line":369,"column":8}},"60":{"start":{"line":320,"column":26},"end":{"line":322,"column":35}},"61":{"start":{"line":342,"column":26},"end":{"line":344,"column":35}}},"fnMap":{"0":{"name":"(anonymous_0)","decl":{"start":{"line":15,"column":2},"end":{"line":15,"column":3}},"loc":{"start":{"line":15,"column":21},"end":{"line":111,"column":3}},"line":15},"1":{"name":"(anonymous_1)","decl":{"start":{"line":114,"column":2},"end":{"line":114,"column":3}},"loc":{"start":{"line":114,"column":22},"end":{"line":125,"column":3}},"line":114},"2":{"name":"(anonymous_2)","decl":{"start":{"line":127,"column":17},"end":{"line":127,"column":18}},"loc":{"start":{"line":127,"column":23},"end":{"line":144,"column":5}},"line":127},"3":{"name":"(anonymous_3)","decl":{"start":{"line":130,"column":10},"end":{"line":130,"column":11}},"loc":{"start":{"line":130,"column":23},"end":{"line":137,"column":11}},"line":130},"4":{"name":"(anonymous_4)","decl":{"start":{"line":138,"column":10},"end":{"line":138,"column":11}},"loc":{"start":{"line":138,"column":16},"end":{"line":143,"column":11}},"line":138},"5":{"name":"(anonymous_5)","decl":{"start":{"line":146,"column":23},"end":{"line":146,"column":24}},"loc":{"start":{"line":146,"column":33},"end":{"line":150,"column":5}},"line":146},"6":{"name":"(anonymous_6)","decl":{"start":{"line":151,"column":21},"end":{"line":151,"column":22}},"loc":{"start":{"line":151,"column":31},"end":{"line":155,"column":5}},"line":151},"7":{"name":"(anonymous_7)","decl":{"start":{"line":156,"column":22},"end":{"line":156,"column":23}},"loc":{"start":{"line":156,"column":29},"end":{"line":160,"column":5}},"line":156},"8":{"name":"(anonymous_8)","decl":{"start":{"line":161,"column":19},"end":{"line":161,"column":20}},"loc":{"start":{"line":161,"column":26},"end":{"line":165,"column":5}},"line":161},"9":{"name":"(anonymous_9)","decl":{"start":{"line":166,"column":25},"end":{"line":166,"column":26}},"loc":{"start":{"line":166,"column":32},"end":{"line":175,"column":5}},"line":166},"10":{"name":"(anonymous_10)","decl":{"start":{"line":176,"column":20},"end":{"line":176,"column":21}},"loc":{"start":{"line":176,"column":35},"end":{"line":195,"column":5}},"line":176},"11":{"name":"(anonymous_11)","decl":{"start":{"line":197,"column":25},"end":{"line":197,"column":26}},"loc":{"start":{"line":197,"column":32},"end":{"line":232,"column":5}},"line":197},"12":{"name":"(anonymous_12)","decl":{"start":{"line":219,"column":10},"end":{"line":219,"column":11}},"loc":{"start":{"line":219,"column":16},"end":{"line":224,"column":11}},"line":219},"13":{"name":"(anonymous_13)","decl":{"start":{"line":225,"column":10},"end":{"line":225,"column":11}},"loc":{"start":{"line":225,"column":21},"end":{"line":228,"column":11}},"line":225},"14":{"name":"(anonymous_14)","decl":{"start":{"line":233,"column":4},"end":{"line":233,"column":5}},"loc":{"start":{"line":233,"column":13},"end":{"line":370,"column":5}},"line":233},"15":{"name":"(anonymous_15)","decl":{"start":{"line":319,"column":44},"end":{"line":319,"column":45}},"loc":{"start":{"line":320,"column":26},"end":{"line":322,"column":35}},"line":320},"16":{"name":"(anonymous_16)","decl":{"start":{"line":341,"column":56},"end":{"line":341,"column":57}},"loc":{"start":{"line":342,"column":26},"end":{"line":344,"column":35}},"line":342}},"branchMap":{"0":{"loc":{"start":{"line":116,"column":4},"end":{"line":124,"column":5}},"type":"if","locations":[{"start":{"line":116,"column":4},"end":{"line":124,"column":5}},{"start":{"line":116,"column":4},"end":{"line":124,"column":5}}],"line":116},"1":{"loc":{"start":{"line":116,"column":8},"end":{"line":116,"column":89}},"type":"binary-expr","locations":[{"start":{"line":116,"column":8},"end":{"line":116,"column":27}},{"start":{"line":116,"column":31},"end":{"line":116,"column":89}}],"line":116},"2":{"loc":{"start":{"line":131,"column":12},"end":{"line":133,"column":13}},"type":"if","locations":[{"start":{"line":131,"column":12},"end":{"line":133,"column":13}},{"start":{"line":131,"column":12},"end":{"line":133,"column":13}}],"line":131},"3":{"loc":{"start":{"line":170,"column":6},"end":{"line":174,"column":7}},"type":"if","locations":[{"start":{"line":170,"column":6},"end":{"line":174,"column":7}},{"start":{"line":170,"column":6},"end":{"line":174,"column":7}}],"line":170},"4":{"loc":{"start":{"line":177,"column":6},"end":{"line":194,"column":7}},"type":"if","locations":[{"start":{"line":177,"column":6},"end":{"line":194,"column":7}},{"start":{"line":177,"column":6},"end":{"line":194,"column":7}}],"line":177},"5":{"loc":{"start":{"line":181,"column":23},"end":{"line":181,"column":77}},"type":"cond-expr","locations":[{"start":{"line":181,"column":49},"end":{"line":181,"column":72}},{"start":{"line":181,"column":75},"end":{"line":181,"column":77}}],"line":181},"6":{"loc":{"start":{"line":182,"column":20},"end":{"line":182,"column":68}},"type":"cond-expr","locations":[{"start":{"line":182,"column":43},"end":{"line":182,"column":63}},{"start":{"line":182,"column":66},"end":{"line":182,"column":68}}],"line":182},"7":{"loc":{"start":{"line":184,"column":23},"end":{"line":184,"column":77}},"type":"cond-expr","locations":[{"start":{"line":184,"column":49},"end":{"line":184,"column":72}},{"start":{"line":184,"column":75},"end":{"line":184,"column":77}}],"line":184},"8":{"loc":{"start":{"line":185,"column":25},"end":{"line":185,"column":83}},"type":"cond-expr","locations":[{"start":{"line":185,"column":53},"end":{"line":185,"column":78}},{"start":{"line":185,"column":81},"end":{"line":185,"column":83}}],"line":185},"9":{"loc":{"start":{"line":186,"column":25},"end":{"line":186,"column":83}},"type":"cond-expr","locations":[{"start":{"line":186,"column":53},"end":{"line":186,"column":78}},{"start":{"line":186,"column":81},"end":{"line":186,"column":83}}],"line":186},"10":{"loc":{"start":{"line":202,"column":6},"end":{"line":231,"column":7}},"type":"if","locations":[{"start":{"line":202,"column":6},"end":{"line":231,"column":7}},{"start":{"line":202,"column":6},"end":{"line":231,"column":7}}],"line":202},"11":{"loc":{"start":{"line":234,"column":25},"end":{"line":236,"column":29}},"type":"cond-expr","locations":[{"start":{"line":235,"column":8},"end":{"line":235,"column":43}},{"start":{"line":236,"column":8},"end":{"line":236,"column":29}}],"line":234},"12":{"loc":{"start":{"line":328,"column":19},"end":{"line":335,"column":24}},"type":"binary-expr","locations":[{"start":{"line":328,"column":19},"end":{"line":328,"column":39}},{"start":{"line":329,"column":18},"end":{"line":335,"column":24}}],"line":328},"13":{"loc":{"start":{"line":358,"column":21},"end":{"line":359,"column":966}},"type":"binary-expr","locations":[{"start":{"line":358,"column":21},"end":{"line":358,"column":42}},{"start":{"line":359,"column":20},"end":{"line":359,"column":966}}],"line":358}},"s":{"0":3,"1":3,"2":3,"3":3,"4":3,"5":3,"6":3,"7":3,"8":3,"9":3,"10":3,"11":3,"12":0,"13":0,"14":0,"15":3,"16":3,"17":3,"18":3,"19":0,"20":0,"21":0,"22":0,"23":0,"24":0,"25":0,"26":0,"27":0,"28":0,"29":0,"30":0,"31":3,"32":0,"33":0,"34":0,"35":3,"36":1,"37":1,"38":1,"39":1,"40":1,"41":1,"42":1,"43":1,"44":1,"45":1,"46":1,"47":1,"48":1,"49":1,"50":1,"51":1,"52":1,"53":0,"54":0,"55":0,"56":0,"57":0,"58":9,"59":9,"60":45,"61":0},"f":{"0":3,"1":3,"2":3,"3":0,"4":0,"5":0,"6":0,"7":0,"8":0,"9":0,"10":3,"11":1,"12":0,"13":0,"14":9,"15":45,"16":0},"b":{"0":[0,3],"1":[3,2],"2":[0,0],"3":[0,0],"4":[0,3],"5":[0,0],"6":[0,0],"7":[0,0],"8":[0,0],"9":[0,0],"10":[1,0],"11":[1,8],"12":[9,9],"13":[9,1]},"_coverageSchema":"332fd63041d2c1bcb487cc26dd0d5f7d97098a6c","hash":"abac1fa76b6a3d75aa3ba8e26f26de431a739206"}
,"/home/rakesh/Documents/evergent-react/app/Campaigns/Campaigns.js": {"path":"/home/rakesh/Documents/evergent-react/app/Campaigns/Campaigns.js","statementMap":{"0":{"start":{"line":21,"column":4},"end":{"line":21,"column":17}},"1":{"start":{"line":22,"column":4},"end":{"line":25,"column":6}},"2":{"start":{"line":26,"column":4},"end":{"line":58,"column":7}},"3":{"start":{"line":56,"column":22},"end":{"line":56,"column":129}},"4":{"start":{"line":56,"column":61},"end":{"line":56,"column":93}},"5":{"start":{"line":63,"column":7},"end":{"line":65,"column":10}},"6":{"start":{"line":66,"column":7},"end":{"line":89,"column":14}},"7":{"start":{"line":69,"column":13},"end":{"line":71,"column":14}},"8":{"start":{"line":70,"column":15},"end":{"line":70,"column":87}},"9":{"start":{"line":72,"column":13},"end":{"line":78,"column":16}},"10":{"start":{"line":73,"column":15},"end":{"line":76,"column":16}},"11":{"start":{"line":74,"column":35},"end":{"line":74,"column":75}},"12":{"start":{"line":75,"column":17},"end":{"line":75,"column":116}},"13":{"start":{"line":79,"column":13},"end":{"line":82,"column":16}},"14":{"start":{"line":85,"column":13},"end":{"line":85,"column":55}},"15":{"start":{"line":86,"column":13},"end":{"line":88,"column":16}},"16":{"start":{"line":92,"column":7},"end":{"line":92,"column":131}},"17":{"start":{"line":95,"column":7},"end":{"line":111,"column":9}}},"fnMap":{"0":{"name":"(anonymous_0)","decl":{"start":{"line":20,"column":2},"end":{"line":20,"column":3}},"loc":{"start":{"line":20,"column":21},"end":{"line":59,"column":3}},"line":20},"1":{"name":"(anonymous_1)","decl":{"start":{"line":56,"column":12},"end":{"line":56,"column":13}},"loc":{"start":{"line":56,"column":22},"end":{"line":56,"column":129}},"line":56},"2":{"name":"(anonymous_2)","decl":{"start":{"line":56,"column":55},"end":{"line":56,"column":56}},"loc":{"start":{"line":56,"column":61},"end":{"line":56,"column":93}},"line":56},"3":{"name":"(anonymous_3)","decl":{"start":{"line":62,"column":18},"end":{"line":62,"column":19}},"loc":{"start":{"line":62,"column":28},"end":{"line":90,"column":6}},"line":62},"4":{"name":"(anonymous_4)","decl":{"start":{"line":68,"column":11},"end":{"line":68,"column":12}},"loc":{"start":{"line":68,"column":24},"end":{"line":83,"column":12}},"line":68},"5":{"name":"(anonymous_5)","decl":{"start":{"line":72,"column":55},"end":{"line":72,"column":56}},"loc":{"start":{"line":72,"column":67},"end":{"line":78,"column":14}},"line":72},"6":{"name":"(anonymous_6)","decl":{"start":{"line":84,"column":11},"end":{"line":84,"column":12}},"loc":{"start":{"line":84,"column":22},"end":{"line":89,"column":12}},"line":84},"7":{"name":"(anonymous_7)","decl":{"start":{"line":91,"column":19},"end":{"line":91,"column":20}},"loc":{"start":{"line":91,"column":33},"end":{"line":93,"column":6}},"line":91},"8":{"name":"(anonymous_8)","decl":{"start":{"line":94,"column":5},"end":{"line":94,"column":6}},"loc":{"start":{"line":94,"column":14},"end":{"line":112,"column":6}},"line":94}},"branchMap":{"0":{"loc":{"start":{"line":69,"column":13},"end":{"line":71,"column":14}},"type":"if","locations":[{"start":{"line":69,"column":13},"end":{"line":71,"column":14}},{"start":{"line":69,"column":13},"end":{"line":71,"column":14}}],"line":69},"1":{"loc":{"start":{"line":73,"column":15},"end":{"line":76,"column":16}},"type":"if","locations":[{"start":{"line":73,"column":15},"end":{"line":76,"column":16}},{"start":{"line":73,"column":15},"end":{"line":76,"column":16}}],"line":73}},"s":{"0":2,"1":2,"2":2,"3":0,"4":0,"5":0,"6":0,"7":0,"8":0,"9":0,"10":0,"11":0,"12":0,"13":0,"14":0,"15":0,"16":0,"17":2},"f":{"0":2,"1":0,"2":0,"3":0,"4":0,"5":0,"6":0,"7":0,"8":2},"b":{"0":[0,0],"1":[0,0]},"_coverageSchema":"332fd63041d2c1bcb487cc26dd0d5f7d97098a6c","hash":"ed1f61ea8007f92430ecc85e3999f24ad08c7019"}
,"/home/rakesh/Documents/evergent-react/app/Products/AddProducts.js": {"path":"/home/rakesh/Documents/evergent-react/app/Products/AddProducts.js","statementMap":{"0":{"start":{"line":17,"column":4},"end":{"line":17,"column":17}},"1":{"start":{"line":18,"column":4},"end":{"line":79,"column":7}},"2":{"start":{"line":81,"column":4},"end":{"line":99,"column":7}},"3":{"start":{"line":100,"column":4},"end":{"line":116,"column":7}},"4":{"start":{"line":117,"column":4},"end":{"line":135,"column":6}},"5":{"start":{"line":136,"column":4},"end":{"line":136,"column":27}},"6":{"start":{"line":137,"column":4},"end":{"line":137,"column":53}},"7":{"start":{"line":138,"column":4},"end":{"line":138,"column":61}},"8":{"start":{"line":139,"column":4},"end":{"line":139,"column":63}},"9":{"start":{"line":140,"column":4},"end":{"line":140,"column":65}},"10":{"start":{"line":144,"column":4},"end":{"line":152,"column":5}},"11":{"start":{"line":145,"column":6},"end":{"line":145,"column":41}},"12":{"start":{"line":146,"column":6},"end":{"line":146,"column":33}},"13":{"start":{"line":147,"column":6},"end":{"line":147,"column":32}},"14":{"start":{"line":149,"column":6},"end":{"line":149,"column":38}},"15":{"start":{"line":150,"column":6},"end":{"line":150,"column":30}},"16":{"start":{"line":151,"column":6},"end":{"line":151,"column":31}},"17":{"start":{"line":155,"column":6},"end":{"line":157,"column":9}},"18":{"start":{"line":160,"column":6},"end":{"line":162,"column":9}},"19":{"start":{"line":165,"column":6},"end":{"line":167,"column":9}},"20":{"start":{"line":170,"column":20},"end":{"line":170,"column":42}},"21":{"start":{"line":171,"column":28},"end":{"line":171,"column":54}},"22":{"start":{"line":172,"column":21},"end":{"line":172,"column":72}},"23":{"start":{"line":173,"column":6},"end":{"line":175,"column":9}},"24":{"start":{"line":177,"column":33},"end":{"line":177,"column":103}},"25":{"start":{"line":177,"column":77},"end":{"line":177,"column":102}},"26":{"start":{"line":179,"column":6},"end":{"line":181,"column":9}},"27":{"start":{"line":184,"column":6},"end":{"line":186,"column":9}},"28":{"start":{"line":187,"column":6},"end":{"line":191,"column":7}},"29":{"start":{"line":188,"column":8},"end":{"line":188,"column":57}},"30":{"start":{"line":190,"column":8},"end":{"line":190,"column":43}},"31":{"start":{"line":194,"column":6},"end":{"line":220,"column":7}},"32":{"start":{"line":195,"column":8},"end":{"line":198,"column":11}},"33":{"start":{"line":200,"column":27},"end":{"line":200,"column":60}},"34":{"start":{"line":201,"column":23},"end":{"line":201,"column":49}},"35":{"start":{"line":202,"column":8},"end":{"line":219,"column":11}},"36":{"start":{"line":224,"column":6},"end":{"line":224,"column":25}},"37":{"start":{"line":225,"column":25},"end":{"line":225,"column":60}},"38":{"start":{"line":226,"column":6},"end":{"line":226,"column":36}},"39":{"start":{"line":227,"column":6},"end":{"line":227,"column":28}},"40":{"start":{"line":228,"column":6},"end":{"line":266,"column":7}},"41":{"start":{"line":229,"column":8},"end":{"line":229,"column":44}},"42":{"start":{"line":230,"column":20},"end":{"line":232,"column":9}},"43":{"start":{"line":233,"column":8},"end":{"line":233,"column":30}},"44":{"start":{"line":234,"column":8},"end":{"line":234,"column":37}},"45":{"start":{"line":235,"column":8},"end":{"line":235,"column":25}},"46":{"start":{"line":236,"column":8},"end":{"line":236,"column":28}},"47":{"start":{"line":237,"column":8},"end":{"line":237,"column":29}},"48":{"start":{"line":238,"column":8},"end":{"line":238,"column":30}},"49":{"start":{"line":239,"column":8},"end":{"line":239,"column":35}},"50":{"start":{"line":240,"column":8},"end":{"line":244,"column":9}},"51":{"start":{"line":241,"column":10},"end":{"line":241,"column":32}},"52":{"start":{"line":243,"column":10},"end":{"line":243,"column":32}},"53":{"start":{"line":245,"column":8},"end":{"line":249,"column":9}},"54":{"start":{"line":246,"column":10},"end":{"line":246,"column":33}},"55":{"start":{"line":248,"column":10},"end":{"line":248,"column":33}},"56":{"start":{"line":250,"column":8},"end":{"line":250,"column":149}},"57":{"start":{"line":251,"column":8},"end":{"line":253,"column":9}},"58":{"start":{"line":252,"column":10},"end":{"line":252,"column":34}},"59":{"start":{"line":254,"column":8},"end":{"line":263,"column":13}},"60":{"start":{"line":256,"column":12},"end":{"line":256,"column":59}},"61":{"start":{"line":257,"column":12},"end":{"line":257,"column":49}},"62":{"start":{"line":258,"column":12},"end":{"line":258,"column":66}},"63":{"start":{"line":261,"column":12},"end":{"line":261,"column":49}},"64":{"start":{"line":262,"column":12},"end":{"line":262,"column":65}},"65":{"start":{"line":269,"column":25},"end":{"line":271,"column":29}},"66":{"start":{"line":272,"column":6},"end":{"line":408,"column":8}},"67":{"start":{"line":285,"column":26},"end":{"line":287,"column":35}},"68":{"start":{"line":298,"column":26},"end":{"line":300,"column":35}},"69":{"start":{"line":351,"column":26},"end":{"line":353,"column":35}}},"fnMap":{"0":{"name":"(anonymous_0)","decl":{"start":{"line":16,"column":2},"end":{"line":16,"column":3}},"loc":{"start":{"line":16,"column":21},"end":{"line":141,"column":3}},"line":16},"1":{"name":"(anonymous_1)","decl":{"start":{"line":143,"column":2},"end":{"line":143,"column":3}},"loc":{"start":{"line":143,"column":22},"end":{"line":153,"column":3}},"line":143},"2":{"name":"(anonymous_2)","decl":{"start":{"line":154,"column":21},"end":{"line":154,"column":22}},"loc":{"start":{"line":154,"column":31},"end":{"line":158,"column":5}},"line":154},"3":{"name":"(anonymous_3)","decl":{"start":{"line":159,"column":22},"end":{"line":159,"column":23}},"loc":{"start":{"line":159,"column":29},"end":{"line":163,"column":5}},"line":159},"4":{"name":"(anonymous_4)","decl":{"start":{"line":164,"column":19},"end":{"line":164,"column":20}},"loc":{"start":{"line":164,"column":26},"end":{"line":168,"column":5}},"line":164},"5":{"name":"(anonymous_5)","decl":{"start":{"line":169,"column":20},"end":{"line":169,"column":21}},"loc":{"start":{"line":169,"column":27},"end":{"line":182,"column":5}},"line":169},"6":{"name":"(anonymous_6)","decl":{"start":{"line":177,"column":60},"end":{"line":177,"column":61}},"loc":{"start":{"line":177,"column":77},"end":{"line":177,"column":102}},"line":177},"7":{"name":"(anonymous_7)","decl":{"start":{"line":183,"column":25},"end":{"line":183,"column":26}},"loc":{"start":{"line":183,"column":32},"end":{"line":192,"column":5}},"line":183},"8":{"name":"(anonymous_8)","decl":{"start":{"line":193,"column":18},"end":{"line":193,"column":19}},"loc":{"start":{"line":193,"column":29},"end":{"line":221,"column":5}},"line":193},"9":{"name":"(anonymous_9)","decl":{"start":{"line":223,"column":23},"end":{"line":223,"column":24}},"loc":{"start":{"line":223,"column":30},"end":{"line":267,"column":5}},"line":223},"10":{"name":"(anonymous_10)","decl":{"start":{"line":255,"column":10},"end":{"line":255,"column":11}},"loc":{"start":{"line":255,"column":16},"end":{"line":259,"column":11}},"line":255},"11":{"name":"(anonymous_11)","decl":{"start":{"line":260,"column":10},"end":{"line":260,"column":11}},"loc":{"start":{"line":260,"column":21},"end":{"line":263,"column":11}},"line":260},"12":{"name":"(anonymous_12)","decl":{"start":{"line":268,"column":4},"end":{"line":268,"column":5}},"loc":{"start":{"line":268,"column":13},"end":{"line":409,"column":5}},"line":268},"13":{"name":"(anonymous_13)","decl":{"start":{"line":284,"column":49},"end":{"line":284,"column":50}},"loc":{"start":{"line":285,"column":26},"end":{"line":287,"column":35}},"line":285},"14":{"name":"(anonymous_14)","decl":{"start":{"line":297,"column":86},"end":{"line":297,"column":87}},"loc":{"start":{"line":298,"column":26},"end":{"line":300,"column":35}},"line":298},"15":{"name":"(anonymous_15)","decl":{"start":{"line":350,"column":44},"end":{"line":350,"column":45}},"loc":{"start":{"line":351,"column":26},"end":{"line":353,"column":35}},"line":351}},"branchMap":{"0":{"loc":{"start":{"line":144,"column":4},"end":{"line":152,"column":5}},"type":"if","locations":[{"start":{"line":144,"column":4},"end":{"line":152,"column":5}},{"start":{"line":144,"column":4},"end":{"line":152,"column":5}}],"line":144},"1":{"loc":{"start":{"line":144,"column":8},"end":{"line":144,"column":88}},"type":"binary-expr","locations":[{"start":{"line":144,"column":8},"end":{"line":144,"column":27}},{"start":{"line":144,"column":31},"end":{"line":144,"column":88}}],"line":144},"2":{"loc":{"start":{"line":187,"column":6},"end":{"line":191,"column":7}},"type":"if","locations":[{"start":{"line":187,"column":6},"end":{"line":191,"column":7}},{"start":{"line":187,"column":6},"end":{"line":191,"column":7}}],"line":187},"3":{"loc":{"start":{"line":194,"column":6},"end":{"line":220,"column":7}},"type":"if","locations":[{"start":{"line":194,"column":6},"end":{"line":220,"column":7}},{"start":{"line":194,"column":6},"end":{"line":220,"column":7}}],"line":194},"4":{"loc":{"start":{"line":204,"column":23},"end":{"line":204,"column":75}},"type":"cond-expr","locations":[{"start":{"line":204,"column":48},"end":{"line":204,"column":70}},{"start":{"line":204,"column":73},"end":{"line":204,"column":75}}],"line":204},"5":{"loc":{"start":{"line":205,"column":24},"end":{"line":205,"column":84}},"type":"cond-expr","locations":[{"start":{"line":205,"column":53},"end":{"line":205,"column":79}},{"start":{"line":205,"column":82},"end":{"line":205,"column":84}}],"line":205},"6":{"loc":{"start":{"line":206,"column":23},"end":{"line":206,"column":75}},"type":"cond-expr","locations":[{"start":{"line":206,"column":48},"end":{"line":206,"column":70}},{"start":{"line":206,"column":73},"end":{"line":206,"column":75}}],"line":206},"7":{"loc":{"start":{"line":207,"column":15},"end":{"line":207,"column":73}},"type":"cond-expr","locations":[{"start":{"line":207,"column":43},"end":{"line":207,"column":68}},{"start":{"line":207,"column":71},"end":{"line":207,"column":73}}],"line":207},"8":{"loc":{"start":{"line":209,"column":21},"end":{"line":209,"column":69}},"type":"cond-expr","locations":[{"start":{"line":209,"column":44},"end":{"line":209,"column":64}},{"start":{"line":209,"column":67},"end":{"line":209,"column":69}}],"line":209},"9":{"loc":{"start":{"line":210,"column":18},"end":{"line":210,"column":60}},"type":"cond-expr","locations":[{"start":{"line":210,"column":38},"end":{"line":210,"column":55}},{"start":{"line":210,"column":58},"end":{"line":210,"column":60}}],"line":210},"10":{"loc":{"start":{"line":211,"column":20},"end":{"line":211,"column":66}},"type":"cond-expr","locations":[{"start":{"line":211,"column":42},"end":{"line":211,"column":61}},{"start":{"line":211,"column":64},"end":{"line":211,"column":66}}],"line":211},"11":{"loc":{"start":{"line":212,"column":24},"end":{"line":212,"column":76}},"type":"cond-expr","locations":[{"start":{"line":212,"column":49},"end":{"line":212,"column":71}},{"start":{"line":212,"column":74},"end":{"line":212,"column":76}}],"line":212},"12":{"loc":{"start":{"line":214,"column":23},"end":{"line":214,"column":80}},"type":"cond-expr","locations":[{"start":{"line":214,"column":46},"end":{"line":214,"column":75}},{"start":{"line":214,"column":78},"end":{"line":214,"column":80}}],"line":214},"13":{"loc":{"start":{"line":215,"column":24},"end":{"line":215,"column":87}},"type":"cond-expr","locations":[{"start":{"line":215,"column":50},"end":{"line":215,"column":82}},{"start":{"line":215,"column":85},"end":{"line":215,"column":87}}],"line":215},"14":{"loc":{"start":{"line":228,"column":6},"end":{"line":266,"column":7}},"type":"if","locations":[{"start":{"line":228,"column":6},"end":{"line":266,"column":7}},{"start":{"line":228,"column":6},"end":{"line":266,"column":7}}],"line":228},"15":{"loc":{"start":{"line":240,"column":8},"end":{"line":244,"column":9}},"type":"if","locations":[{"start":{"line":240,"column":8},"end":{"line":244,"column":9}},{"start":{"line":240,"column":8},"end":{"line":244,"column":9}}],"line":240},"16":{"loc":{"start":{"line":245,"column":8},"end":{"line":249,"column":9}},"type":"if","locations":[{"start":{"line":245,"column":8},"end":{"line":249,"column":9}},{"start":{"line":245,"column":8},"end":{"line":249,"column":9}}],"line":245},"17":{"loc":{"start":{"line":251,"column":8},"end":{"line":253,"column":9}},"type":"if","locations":[{"start":{"line":251,"column":8},"end":{"line":253,"column":9}},{"start":{"line":251,"column":8},"end":{"line":253,"column":9}}],"line":251},"18":{"loc":{"start":{"line":269,"column":25},"end":{"line":271,"column":29}},"type":"cond-expr","locations":[{"start":{"line":270,"column":8},"end":{"line":270,"column":43}},{"start":{"line":271,"column":8},"end":{"line":271,"column":29}}],"line":269},"19":{"loc":{"start":{"line":297,"column":25},"end":{"line":301,"column":26}},"type":"binary-expr","locations":[{"start":{"line":297,"column":25},"end":{"line":297,"column":51}},{"start":{"line":297,"column":55},"end":{"line":301,"column":26}}],"line":297},"20":{"loc":{"start":{"line":359,"column":19},"end":{"line":366,"column":26}},"type":"binary-expr","locations":[{"start":{"line":359,"column":19},"end":{"line":359,"column":39}},{"start":{"line":360,"column":20},"end":{"line":366,"column":26}}],"line":359},"21":{"loc":{"start":{"line":397,"column":21},"end":{"line":398,"column":966}},"type":"binary-expr","locations":[{"start":{"line":397,"column":21},"end":{"line":397,"column":42}},{"start":{"line":398,"column":22},"end":{"line":398,"column":966}}],"line":397}},"s":{"0":3,"1":3,"2":3,"3":3,"4":3,"5":3,"6":3,"7":3,"8":3,"9":3,"10":3,"11":0,"12":0,"13":0,"14":3,"15":3,"16":3,"17":0,"18":0,"19":0,"20":0,"21":0,"22":0,"23":0,"24":0,"25":0,"26":0,"27":0,"28":0,"29":0,"30":0,"31":3,"32":3,"33":0,"34":0,"35":0,"36":1,"37":1,"38":1,"39":1,"40":1,"41":1,"42":1,"43":1,"44":1,"45":1,"46":1,"47":1,"48":1,"49":1,"50":1,"51":1,"52":0,"53":1,"54":1,"55":0,"56":1,"57":1,"58":0,"59":1,"60":0,"61":0,"62":0,"63":0,"64":0,"65":9,"66":9,"67":27,"68":9,"69":45},"f":{"0":3,"1":3,"2":0,"3":0,"4":0,"5":0,"6":0,"7":0,"8":3,"9":1,"10":0,"11":0,"12":9,"13":27,"14":9,"15":45},"b":{"0":[0,3],"1":[3,2],"2":[0,0],"3":[3,0],"4":[0,0],"5":[0,0],"6":[0,0],"7":[0,0],"8":[0,0],"9":[0,0],"10":[0,0],"11":[0,0],"12":[0,0],"13":[0,0],"14":[1,0],"15":[1,0],"16":[1,0],"17":[0,1],"18":[1,8],"19":[9,9],"20":[9,9],"21":[9,1]},"_coverageSchema":"332fd63041d2c1bcb487cc26dd0d5f7d97098a6c","hash":"7b6209b546005fb0480654c0bbe107c445d4a947"}
,"/home/rakesh/Documents/evergent-react/app/Products/Products.js": {"path":"/home/rakesh/Documents/evergent-react/app/Products/Products.js","statementMap":{"0":{"start":{"line":18,"column":4},"end":{"line":18,"column":17}},"1":{"start":{"line":19,"column":4},"end":{"line":22,"column":6}},"2":{"start":{"line":23,"column":4},"end":{"line":76,"column":7}},"3":{"start":{"line":74,"column":22},"end":{"line":74,"column":128}},"4":{"start":{"line":74,"column":61},"end":{"line":74,"column":92}},"5":{"start":{"line":80,"column":7},"end":{"line":82,"column":10}},"6":{"start":{"line":83,"column":7},"end":{"line":105,"column":11}},"7":{"start":{"line":86,"column":13},"end":{"line":88,"column":14}},"8":{"start":{"line":87,"column":15},"end":{"line":87,"column":83}},"9":{"start":{"line":89,"column":13},"end":{"line":92,"column":16}},"10":{"start":{"line":94,"column":26},"end":{"line":94,"column":28}},"11":{"start":{"line":95,"column":13},"end":{"line":97,"column":16}},"12":{"start":{"line":96,"column":15},"end":{"line":96,"column":49}},"13":{"start":{"line":98,"column":13},"end":{"line":98,"column":37}},"14":{"start":{"line":101,"column":13},"end":{"line":103,"column":16}},"15":{"start":{"line":108,"column":7},"end":{"line":108,"column":126}},"16":{"start":{"line":111,"column":7},"end":{"line":127,"column":9}}},"fnMap":{"0":{"name":"(anonymous_0)","decl":{"start":{"line":17,"column":2},"end":{"line":17,"column":3}},"loc":{"start":{"line":17,"column":21},"end":{"line":77,"column":3}},"line":17},"1":{"name":"(anonymous_1)","decl":{"start":{"line":74,"column":12},"end":{"line":74,"column":13}},"loc":{"start":{"line":74,"column":22},"end":{"line":74,"column":128}},"line":74},"2":{"name":"(anonymous_2)","decl":{"start":{"line":74,"column":55},"end":{"line":74,"column":56}},"loc":{"start":{"line":74,"column":61},"end":{"line":74,"column":92}},"line":74},"3":{"name":"(anonymous_3)","decl":{"start":{"line":79,"column":17},"end":{"line":79,"column":18}},"loc":{"start":{"line":79,"column":23},"end":{"line":106,"column":6}},"line":79},"4":{"name":"(anonymous_4)","decl":{"start":{"line":85,"column":11},"end":{"line":85,"column":12}},"loc":{"start":{"line":85,"column":24},"end":{"line":99,"column":12}},"line":85},"5":{"name":"(anonymous_5)","decl":{"start":{"line":95,"column":53},"end":{"line":95,"column":54}},"loc":{"start":{"line":95,"column":66},"end":{"line":97,"column":14}},"line":95},"6":{"name":"(anonymous_6)","decl":{"start":{"line":100,"column":11},"end":{"line":100,"column":12}},"loc":{"start":{"line":100,"column":17},"end":{"line":104,"column":12}},"line":100},"7":{"name":"(anonymous_7)","decl":{"start":{"line":107,"column":18},"end":{"line":107,"column":19}},"loc":{"start":{"line":107,"column":31},"end":{"line":109,"column":6}},"line":107},"8":{"name":"(anonymous_8)","decl":{"start":{"line":110,"column":5},"end":{"line":110,"column":6}},"loc":{"start":{"line":110,"column":14},"end":{"line":128,"column":6}},"line":110}},"branchMap":{"0":{"loc":{"start":{"line":86,"column":13},"end":{"line":88,"column":14}},"type":"if","locations":[{"start":{"line":86,"column":13},"end":{"line":88,"column":14}},{"start":{"line":86,"column":13},"end":{"line":88,"column":14}}],"line":86}},"s":{"0":2,"1":2,"2":2,"3":0,"4":0,"5":0,"6":0,"7":0,"8":0,"9":0,"10":0,"11":0,"12":0,"13":0,"14":0,"15":0,"16":2},"f":{"0":2,"1":0,"2":0,"3":0,"4":0,"5":0,"6":0,"7":0,"8":2},"b":{"0":[0,0]},"_coverageSchema":"332fd63041d2c1bcb487cc26dd0d5f7d97098a6c","hash":"4f6d9b9f33db93da13e8e3276d49d1d0aa2de64b"}
,"/home/rakesh/Documents/evergent-react/app/actions/alert.actions.js": {"path":"/home/rakesh/Documents/evergent-react/app/actions/alert.actions.js","statementMap":{"0":{"start":{"line":4,"column":2},"end":{"line":4,"column":51}},"1":{"start":{"line":8,"column":2},"end":{"line":8,"column":49}},"2":{"start":{"line":12,"column":2},"end":{"line":12,"column":40}},"3":{"start":{"line":15,"column":21},"end":{"line":19,"column":1}}},"fnMap":{"0":{"name":"success","decl":{"start":{"line":3,"column":9},"end":{"line":3,"column":16}},"loc":{"start":{"line":3,"column":26},"end":{"line":5,"column":1}},"line":3},"1":{"name":"error","decl":{"start":{"line":7,"column":9},"end":{"line":7,"column":14}},"loc":{"start":{"line":7,"column":24},"end":{"line":9,"column":1}},"line":7},"2":{"name":"clear","decl":{"start":{"line":11,"column":9},"end":{"line":11,"column":14}},"loc":{"start":{"line":11,"column":17},"end":{"line":13,"column":1}},"line":11}},"branchMap":{},"s":{"0":0,"1":0,"2":3,"3":8},"f":{"0":0,"1":0,"2":3},"b":{},"_coverageSchema":"332fd63041d2c1bcb487cc26dd0d5f7d97098a6c","hash":"016da120283793cad47e7aeb37bf8520283c4a64"}
,"/home/rakesh/Documents/evergent-react/app/actions/configuration.actions.js": {"path":"/home/rakesh/Documents/evergent-react/app/actions/configuration.actions.js","statementMap":{"0":{"start":{"line":5,"column":2},"end":{"line":5,"column":48}},"1":{"start":{"line":7,"column":29},"end":{"line":9,"column":1}}},"fnMap":{"0":{"name":"pageDefault","decl":{"start":{"line":4,"column":9},"end":{"line":4,"column":20}},"loc":{"start":{"line":4,"column":27},"end":{"line":6,"column":1}},"line":4}},"branchMap":{},"s":{"0":0,"1":8},"f":{"0":0},"b":{},"_coverageSchema":"332fd63041d2c1bcb487cc26dd0d5f7d97098a6c","hash":"50cc0d889fec0b63bd42400f0cc9cc1788a91c00"}
,"/home/rakesh/Documents/evergent-react/app/actions/index.js": {"path":"/home/rakesh/Documents/evergent-react/app/actions/index.js","statementMap":{},"fnMap":{},"branchMap":{},"s":{},"f":{},"b":{},"_coverageSchema":"332fd63041d2c1bcb487cc26dd0d5f7d97098a6c","hash":"7b7d7244c335633da6ea1202c6386d1578b1cfba"}
,"/home/rakesh/Documents/evergent-react/app/actions/user.actions.js": {"path":"/home/rakesh/Documents/evergent-react/app/actions/user.actions.js","statementMap":{"0":{"start":{"line":6,"column":14},"end":{"line":27,"column":1}},"1":{"start":{"line":7,"column":27},"end":{"line":7,"column":77}},"2":{"start":{"line":9,"column":27},"end":{"line":9,"column":77}},"3":{"start":{"line":11,"column":28},"end":{"line":11,"column":79}},"4":{"start":{"line":12,"column":2},"end":{"line":26,"column":4}},"5":{"start":{"line":13,"column":4},"end":{"line":13,"column":35}},"6":{"start":{"line":15,"column":4},"end":{"line":25,"column":8}},"7":{"start":{"line":18,"column":10},"end":{"line":18,"column":34}},"8":{"start":{"line":19,"column":10},"end":{"line":19,"column":32}},"9":{"start":{"line":22,"column":10},"end":{"line":22,"column":46}},"10":{"start":{"line":23,"column":10},"end":{"line":23,"column":57}},"11":{"start":{"line":29,"column":15},"end":{"line":32,"column":1}},"12":{"start":{"line":30,"column":2},"end":{"line":30,"column":23}},"13":{"start":{"line":31,"column":2},"end":{"line":31,"column":39}},"14":{"start":{"line":33,"column":20},"end":{"line":36,"column":1}}},"fnMap":{"0":{"name":"(anonymous_0)","decl":{"start":{"line":6,"column":14},"end":{"line":6,"column":15}},"loc":{"start":{"line":6,"column":40},"end":{"line":27,"column":1}},"line":6},"1":{"name":"request","decl":{"start":{"line":7,"column":11},"end":{"line":7,"column":18}},"loc":{"start":{"line":7,"column":25},"end":{"line":7,"column":79}},"line":7},"2":{"name":"success","decl":{"start":{"line":9,"column":11},"end":{"line":9,"column":18}},"loc":{"start":{"line":9,"column":25},"end":{"line":9,"column":79}},"line":9},"3":{"name":"failure","decl":{"start":{"line":11,"column":11},"end":{"line":11,"column":18}},"loc":{"start":{"line":11,"column":26},"end":{"line":11,"column":81}},"line":11},"4":{"name":"(anonymous_4)","decl":{"start":{"line":12,"column":9},"end":{"line":12,"column":10}},"loc":{"start":{"line":12,"column":23},"end":{"line":26,"column":3}},"line":12},"5":{"name":"(anonymous_5)","decl":{"start":{"line":17,"column":8},"end":{"line":17,"column":9}},"loc":{"start":{"line":17,"column":18},"end":{"line":20,"column":9}},"line":17},"6":{"name":"(anonymous_6)","decl":{"start":{"line":21,"column":8},"end":{"line":21,"column":9}},"loc":{"start":{"line":21,"column":19},"end":{"line":24,"column":9}},"line":21},"7":{"name":"(anonymous_7)","decl":{"start":{"line":29,"column":15},"end":{"line":29,"column":16}},"loc":{"start":{"line":29,"column":21},"end":{"line":32,"column":1}},"line":29}},"branchMap":{},"s":{"0":8,"1":0,"2":0,"3":0,"4":0,"5":0,"6":0,"7":0,"8":0,"9":0,"10":0,"11":8,"12":1,"13":1,"14":8},"f":{"0":0,"1":0,"2":0,"3":0,"4":0,"5":0,"6":0,"7":1},"b":{},"_coverageSchema":"332fd63041d2c1bcb487cc26dd0d5f7d97098a6c","hash":"6fb82cb57c63f2672e660745e43bb98a87d2a376"}
,"/home/rakesh/Documents/evergent-react/app/commons/FormValidatior.js": {"path":"/home/rakesh/Documents/evergent-react/app/commons/FormValidatior.js","statementMap":{"0":{"start":{"line":6,"column":4},"end":{"line":6,"column":35}},"1":{"start":{"line":11,"column":23},"end":{"line":11,"column":35}},"2":{"start":{"line":14,"column":4},"end":{"line":37,"column":7}},"3":{"start":{"line":16,"column":6},"end":{"line":36,"column":7}},"4":{"start":{"line":20,"column":27},"end":{"line":20,"column":55}},"5":{"start":{"line":21,"column":21},"end":{"line":21,"column":36}},"6":{"start":{"line":23,"column":14},"end":{"line":25,"column":27}},"7":{"start":{"line":32,"column":8},"end":{"line":35,"column":9}},"8":{"start":{"line":33,"column":10},"end":{"line":33,"column":78}},"9":{"start":{"line":34,"column":10},"end":{"line":34,"column":37}},"10":{"start":{"line":39,"column":4},"end":{"line":39,"column":22}},"11":{"start":{"line":43,"column":23},"end":{"line":43,"column":25}},"12":{"start":{"line":45,"column":4},"end":{"line":47,"column":7}},"13":{"start":{"line":46,"column":6},"end":{"line":46,"column":64}},"14":{"start":{"line":49,"column":4},"end":{"line":49,"column":44}}},"fnMap":{"0":{"name":"(anonymous_0)","decl":{"start":{"line":4,"column":2},"end":{"line":4,"column":3}},"loc":{"start":{"line":4,"column":27},"end":{"line":7,"column":3}},"line":4},"1":{"name":"(anonymous_1)","decl":{"start":{"line":9,"column":2},"end":{"line":9,"column":3}},"loc":{"start":{"line":9,"column":18},"end":{"line":40,"column":3}},"line":9},"2":{"name":"(anonymous_2)","decl":{"start":{"line":14,"column":29},"end":{"line":14,"column":30}},"loc":{"start":{"line":14,"column":39},"end":{"line":37,"column":5}},"line":14},"3":{"name":"(anonymous_3)","decl":{"start":{"line":42,"column":2},"end":{"line":42,"column":3}},"loc":{"start":{"line":42,"column":10},"end":{"line":50,"column":3}},"line":42},"4":{"name":"(anonymous_4)","decl":{"start":{"line":45,"column":25},"end":{"line":45,"column":26}},"loc":{"start":{"line":46,"column":6},"end":{"line":46,"column":64}},"line":46}},"branchMap":{"0":{"loc":{"start":{"line":16,"column":6},"end":{"line":36,"column":7}},"type":"if","locations":[{"start":{"line":16,"column":6},"end":{"line":36,"column":7}},{"start":{"line":16,"column":6},"end":{"line":36,"column":7}}],"line":16},"1":{"loc":{"start":{"line":21,"column":21},"end":{"line":21,"column":36}},"type":"binary-expr","locations":[{"start":{"line":21,"column":21},"end":{"line":21,"column":30}},{"start":{"line":21,"column":34},"end":{"line":21,"column":36}}],"line":21},"2":{"loc":{"start":{"line":23,"column":14},"end":{"line":25,"column":27}},"type":"cond-expr","locations":[{"start":{"line":24,"column":16},"end":{"line":24,"column":38}},{"start":{"line":25,"column":16},"end":{"line":25,"column":27}}],"line":23},"3":{"loc":{"start":{"line":32,"column":8},"end":{"line":35,"column":9}},"type":"if","locations":[{"start":{"line":32,"column":8},"end":{"line":35,"column":9}},{"start":{"line":32,"column":8},"end":{"line":35,"column":9}}],"line":32}},"s":{"0":9,"1":8,"2":8,"3":80,"4":80,"5":80,"6":80,"7":80,"8":0,"9":0,"10":8,"11":17,"12":17,"13":167,"14":17},"f":{"0":9,"1":8,"2":80,"3":17,"4":167},"b":{"0":[80,0],"1":[80,80],"2":[80,0],"3":[0,80]},"_coverageSchema":"332fd63041d2c1bcb487cc26dd0d5f7d97098a6c","hash":"f6500e12c38edf93868e0114afb29bce907e1d84"}
,"/home/rakesh/Documents/evergent-react/app/commons/index.js": {"path":"/home/rakesh/Documents/evergent-react/app/commons/index.js","statementMap":{},"fnMap":{},"branchMap":{},"s":{},"f":{},"b":{},"_coverageSchema":"332fd63041d2c1bcb487cc26dd0d5f7d97098a6c","hash":"b784aaabac079c58fcc5d84378f1ce0f9a5742c7"}
,"/home/rakesh/Documents/evergent-react/app/commons/validations.js": {"path":"/home/rakesh/Documents/evergent-react/app/commons/validations.js","statementMap":{"0":{"start":{"line":2,"column":20},"end":{"line":2,"column":0}},"1":{"start":{"line":3,"column":17},"end":{"line":3,"column":2}},"2":{"start":{"line":4,"column":20},"end":{"line":4,"column":2}},"3":{"start":{"line":5,"column":2},"end":{"line":8,"column":3}},"4":{"start":{"line":6,"column":4},"end":{"line":null,"column":-1}},"5":{"start":{"line":7,"column":4},"end":{"line":null,"column":-1}},"6":{"start":{"line":10,"column":2},"end":{"line":13,"column":3}},"7":{"start":{"line":11,"column":4},"end":{"line":null,"column":-1}},"8":{"start":{"line":12,"column":4},"end":{"line":null,"column":-1}},"9":{"start":{"line":14,"column":2},"end":{"line":null,"column":-1}},"10":{"start":{"line":16,"column":22},"end":{"line":16,"column":0}},"11":{"start":{"line":17,"column":17},"end":{"line":17,"column":2}},"12":{"start":{"line":18,"column":20},"end":{"line":18,"column":2}},"13":{"start":{"line":20,"column":2},"end":{"line":23,"column":3}},"14":{"start":{"line":21,"column":4},"end":{"line":null,"column":-1}},"15":{"start":{"line":22,"column":4},"end":{"line":null,"column":-1}},"16":{"start":{"line":24,"column":2},"end":{"line":27,"column":3}},"17":{"start":{"line":25,"column":4},"end":{"line":null,"column":-1}},"18":{"start":{"line":26,"column":4},"end":{"line":null,"column":-1}},"19":{"start":{"line":28,"column":2},"end":{"line":31,"column":3}},"20":{"start":{"line":29,"column":4},"end":{"line":null,"column":-1}},"21":{"start":{"line":30,"column":4},"end":{"line":null,"column":-1}},"22":{"start":{"line":32,"column":2},"end":{"line":35,"column":3}},"23":{"start":{"line":33,"column":4},"end":{"line":null,"column":-1}},"24":{"start":{"line":34,"column":4},"end":{"line":null,"column":-1}},"25":{"start":{"line":36,"column":2},"end":{"line":39,"column":3}},"26":{"start":{"line":37,"column":4},"end":{"line":null,"column":-1}},"27":{"start":{"line":38,"column":4},"end":{"line":null,"column":-1}},"28":{"start":{"line":40,"column":2},"end":{"line":43,"column":3}},"29":{"start":{"line":41,"column":4},"end":{"line":null,"column":-1}},"30":{"start":{"line":42,"column":4},"end":{"line":null,"column":-1}},"31":{"start":{"line":44,"column":2},"end":{"line":47,"column":3}},"32":{"start":{"line":45,"column":4},"end":{"line":null,"column":-1}},"33":{"start":{"line":46,"column":4},"end":{"line":null,"column":-1}},"34":{"start":{"line":48,"column":2},"end":{"line":51,"column":3}},"35":{"start":{"line":49,"column":4},"end":{"line":null,"column":-1}},"36":{"start":{"line":50,"column":4},"end":{"line":null,"column":-1}},"37":{"start":{"line":52,"column":2},"end":{"line":55,"column":3}},"38":{"start":{"line":53,"column":4},"end":{"line":null,"column":-1}},"39":{"start":{"line":54,"column":4},"end":{"line":null,"column":-1}},"40":{"start":{"line":56,"column":2},"end":{"line":59,"column":3}},"41":{"start":{"line":57,"column":4},"end":{"line":null,"column":-1}},"42":{"start":{"line":58,"column":4},"end":{"line":null,"column":-1}},"43":{"start":{"line":60,"column":2},"end":{"line":63,"column":3}},"44":{"start":{"line":61,"column":4},"end":{"line":null,"column":-1}},"45":{"start":{"line":62,"column":4},"end":{"line":null,"column":-1}},"46":{"start":{"line":64,"column":2},"end":{"line":67,"column":3}},"47":{"start":{"line":65,"column":4},"end":{"line":null,"column":-1}},"48":{"start":{"line":66,"column":4},"end":{"line":null,"column":-1}},"49":{"start":{"line":68,"column":2},"end":{"line":null,"column":-1}}},"fnMap":{"0":{"name":"Validations","decl":{"start":{"line":2,"column":29},"end":{"line":2,"column":20}},"loc":{"start":{"line":2,"column":49},"end":{"line":2,"column":0}}},"1":{"name":"BuValidations","decl":{"start":{"line":16,"column":31},"end":{"line":16,"column":22}},"loc":{"start":{"line":16,"column":53},"end":{"line":16,"column":0}}}},"branchMap":{"0":{"loc":{"start":{"line":5,"column":2},"end":{"line":8,"column":3}},"type":"if","locations":[{"start":{"line":5,"column":2},"end":{"line":8,"column":3}},{"start":{"line":5,"column":2},"end":{"line":8,"column":3}}]},"1":{"loc":{"start":{"line":5,"column":6},"end":{"line":5,"column":5}},"type":"binary-expr","locations":[{"start":{"line":5,"column":6},"end":{"line":5,"column":5}},{"start":{"line":5,"column":26},"end":{"line":5,"column":2}}]},"2":{"loc":{"start":{"line":10,"column":2},"end":{"line":13,"column":3}},"type":"if","locations":[{"start":{"line":10,"column":2},"end":{"line":13,"column":3}},{"start":{"line":10,"column":2},"end":{"line":13,"column":3}}]},"3":{"loc":{"start":{"line":10,"column":6},"end":{"line":10,"column":5}},"type":"binary-expr","locations":[{"start":{"line":10,"column":6},"end":{"line":10,"column":5}},{"start":{"line":10,"column":26},"end":{"line":10,"column":2}}]},"4":{"loc":{"start":{"line":20,"column":2},"end":{"line":23,"column":3}},"type":"if","locations":[{"start":{"line":20,"column":2},"end":{"line":23,"column":3}},{"start":{"line":20,"column":2},"end":{"line":23,"column":3}}]},"5":{"loc":{"start":{"line":20,"column":6},"end":{"line":20,"column":5}},"type":"binary-expr","locations":[{"start":{"line":20,"column":6},"end":{"line":20,"column":5}},{"start":{"line":20,"column":36},"end":{"line":20,"column":2}}]},"6":{"loc":{"start":{"line":24,"column":2},"end":{"line":27,"column":3}},"type":"if","locations":[{"start":{"line":24,"column":2},"end":{"line":27,"column":3}},{"start":{"line":24,"column":2},"end":{"line":27,"column":3}}]},"7":{"loc":{"start":{"line":24,"column":6},"end":{"line":24,"column":5}},"type":"binary-expr","locations":[{"start":{"line":24,"column":6},"end":{"line":24,"column":5}},{"start":{"line":24,"column":34},"end":{"line":24,"column":2}}]},"8":{"loc":{"start":{"line":28,"column":2},"end":{"line":31,"column":3}},"type":"if","locations":[{"start":{"line":28,"column":2},"end":{"line":31,"column":3}},{"start":{"line":28,"column":2},"end":{"line":31,"column":3}}]},"9":{"loc":{"start":{"line":28,"column":6},"end":{"line":28,"column":5}},"type":"binary-expr","locations":[{"start":{"line":28,"column":6},"end":{"line":28,"column":5}},{"start":{"line":28,"column":33},"end":{"line":28,"column":2}}]},"10":{"loc":{"start":{"line":32,"column":2},"end":{"line":35,"column":3}},"type":"if","locations":[{"start":{"line":32,"column":2},"end":{"line":35,"column":3}},{"start":{"line":32,"column":2},"end":{"line":35,"column":3}}]},"11":{"loc":{"start":{"line":32,"column":6},"end":{"line":32,"column":5}},"type":"binary-expr","locations":[{"start":{"line":32,"column":6},"end":{"line":32,"column":5}},{"start":{"line":32,"column":26},"end":{"line":32,"column":2}}]},"12":{"loc":{"start":{"line":36,"column":2},"end":{"line":39,"column":3}},"type":"if","locations":[{"start":{"line":36,"column":2},"end":{"line":39,"column":3}},{"start":{"line":36,"column":2},"end":{"line":39,"column":3}}]},"13":{"loc":{"start":{"line":36,"column":6},"end":{"line":36,"column":5}},"type":"binary-expr","locations":[{"start":{"line":36,"column":6},"end":{"line":36,"column":5}},{"start":{"line":36,"column":36},"end":{"line":36,"column":2}}]},"14":{"loc":{"start":{"line":40,"column":2},"end":{"line":43,"column":3}},"type":"if","locations":[{"start":{"line":40,"column":2},"end":{"line":43,"column":3}},{"start":{"line":40,"column":2},"end":{"line":43,"column":3}}]},"15":{"loc":{"start":{"line":40,"column":6},"end":{"line":40,"column":5}},"type":"binary-expr","locations":[{"start":{"line":40,"column":6},"end":{"line":40,"column":5}},{"start":{"line":40,"column":26},"end":{"line":40,"column":2}}]},"16":{"loc":{"start":{"line":44,"column":2},"end":{"line":47,"column":3}},"type":"if","locations":[{"start":{"line":44,"column":2},"end":{"line":47,"column":3}},{"start":{"line":44,"column":2},"end":{"line":47,"column":3}}]},"17":{"loc":{"start":{"line":44,"column":6},"end":{"line":44,"column":5}},"type":"binary-expr","locations":[{"start":{"line":44,"column":6},"end":{"line":44,"column":5}},{"start":{"line":44,"column":25},"end":{"line":44,"column":2}}]},"18":{"loc":{"start":{"line":48,"column":2},"end":{"line":51,"column":3}},"type":"if","locations":[{"start":{"line":48,"column":2},"end":{"line":51,"column":3}},{"start":{"line":48,"column":2},"end":{"line":51,"column":3}}]},"19":{"loc":{"start":{"line":48,"column":6},"end":{"line":48,"column":5}},"type":"binary-expr","locations":[{"start":{"line":48,"column":6},"end":{"line":48,"column":5}},{"start":{"line":48,"column":23},"end":{"line":48,"column":2}}]},"20":{"loc":{"start":{"line":52,"column":2},"end":{"line":55,"column":3}},"type":"if","locations":[{"start":{"line":52,"column":2},"end":{"line":55,"column":3}},{"start":{"line":52,"column":2},"end":{"line":55,"column":3}}]},"21":{"loc":{"start":{"line":52,"column":6},"end":{"line":52,"column":5}},"type":"binary-expr","locations":[{"start":{"line":52,"column":6},"end":{"line":52,"column":5}},{"start":{"line":52,"column":24},"end":{"line":52,"column":2}}]},"22":{"loc":{"start":{"line":56,"column":2},"end":{"line":59,"column":3}},"type":"if","locations":[{"start":{"line":56,"column":2},"end":{"line":59,"column":3}},{"start":{"line":56,"column":2},"end":{"line":59,"column":3}}]},"23":{"loc":{"start":{"line":56,"column":6},"end":{"line":56,"column":5}},"type":"binary-expr","locations":[{"start":{"line":56,"column":6},"end":{"line":56,"column":5}},{"start":{"line":56,"column":22},"end":{"line":56,"column":2}}]},"24":{"loc":{"start":{"line":60,"column":2},"end":{"line":63,"column":3}},"type":"if","locations":[{"start":{"line":60,"column":2},"end":{"line":63,"column":3}},{"start":{"line":60,"column":2},"end":{"line":63,"column":3}}]},"25":{"loc":{"start":{"line":60,"column":6},"end":{"line":60,"column":5}},"type":"binary-expr","locations":[{"start":{"line":60,"column":6},"end":{"line":60,"column":5}},{"start":{"line":60,"column":25},"end":{"line":60,"column":2}}]},"26":{"loc":{"start":{"line":64,"column":2},"end":{"line":67,"column":3}},"type":"if","locations":[{"start":{"line":64,"column":2},"end":{"line":67,"column":3}},{"start":{"line":64,"column":2},"end":{"line":67,"column":3}}]},"27":{"loc":{"start":{"line":64,"column":6},"end":{"line":64,"column":5}},"type":"binary-expr","locations":[{"start":{"line":64,"column":6},"end":{"line":64,"column":5}},{"start":{"line":64,"column":28},"end":{"line":64,"column":2}}]}},"s":{"0":0,"1":0,"2":0,"3":0,"4":0,"5":0,"6":0,"7":0,"8":0,"9":0,"10":0,"11":0,"12":0,"13":0,"14":0,"15":0,"16":0,"17":0,"18":0,"19":0,"20":0,"21":0,"22":0,"23":0,"24":0,"25":0,"26":0,"27":0,"28":0,"29":0,"30":0,"31":0,"32":0,"33":0,"34":0,"35":0,"36":0,"37":0,"38":0,"39":0,"40":0,"41":0,"42":0,"43":0,"44":0,"45":0,"46":0,"47":0,"48":0,"49":0},"f":{"0":0,"1":0},"b":{"0":[0,0],"1":[0,0],"2":[0,0],"3":[0,0],"4":[0,0],"5":[0,0],"6":[0,0],"7":[0,0],"8":[0,0],"9":[0,0],"10":[0,0],"11":[0,0],"12":[0,0],"13":[0,0],"14":[0,0],"15":[0,0],"16":[0,0],"17":[0,0],"18":[0,0],"19":[0,0],"20":[0,0],"21":[0,0],"22":[0,0],"23":[0,0],"24":[0,0],"25":[0,0],"26":[0,0],"27":[0,0]}}
,"/home/rakesh/Documents/evergent-react/app/components/Footer/Footer.js": {"path":"/home/rakesh/Documents/evergent-react/app/components/Footer/Footer.js","statementMap":{"0":{"start":{"line":5,"column":15},"end":{"line":14,"column":1}},"1":{"start":{"line":6,"column":2},"end":{"line":12,"column":11}}},"fnMap":{"0":{"name":"(anonymous_0)","decl":{"start":{"line":5,"column":15},"end":{"line":5,"column":16}},"loc":{"start":{"line":6,"column":2},"end":{"line":12,"column":11}},"line":6}},"branchMap":{},"s":{"0":1,"1":1},"f":{"0":1},"b":{},"_coverageSchema":"332fd63041d2c1bcb487cc26dd0d5f7d97098a6c","hash":"9cc21e7f469f79e9a4286b5dd7b8e52f4dcc9c9b"}
,"/home/rakesh/Documents/evergent-react/app/components/Footer/index.js": {"path":"/home/rakesh/Documents/evergent-react/app/components/Footer/index.js","statementMap":{},"fnMap":{},"branchMap":{},"s":{},"f":{},"b":{},"_coverageSchema":"332fd63041d2c1bcb487cc26dd0d5f7d97098a6c","hash":"e72e0783faeace459f0f99896f1856d9cf700ace"}
,"/home/rakesh/Documents/evergent-react/app/components/Header/Header.js": {"path":"/home/rakesh/Documents/evergent-react/app/components/Header/Header.js","statementMap":{"0":{"start":{"line":10,"column":13},"end":{"line":10,"column":59}},"1":{"start":{"line":12,"column":15},"end":{"line":26,"column":1}},"2":{"start":{"line":13,"column":2},"end":{"line":25,"column":8}}},"fnMap":{"0":{"name":"(anonymous_0)","decl":{"start":{"line":12,"column":15},"end":{"line":12,"column":16}},"loc":{"start":{"line":13,"column":2},"end":{"line":25,"column":8}},"line":13}},"branchMap":{"0":{"loc":{"start":{"line":10,"column":13},"end":{"line":10,"column":59}},"type":"binary-expr","locations":[{"start":{"line":10,"column":13},"end":{"line":10,"column":53}},{"start":{"line":10,"column":57},"end":{"line":10,"column":59}}],"line":10}},"s":{"0":1,"1":1,"2":1},"f":{"0":1},"b":{"0":[1,1]},"_coverageSchema":"332fd63041d2c1bcb487cc26dd0d5f7d97098a6c","hash":"a19cd466c7ca4a07fecf6afcf9fab2cd249d0a2a"}
,"/home/rakesh/Documents/evergent-react/app/components/Header/index.js": {"path":"/home/rakesh/Documents/evergent-react/app/components/Header/index.js","statementMap":{},"fnMap":{},"branchMap":{},"s":{},"f":{},"b":{},"_coverageSchema":"332fd63041d2c1bcb487cc26dd0d5f7d97098a6c","hash":"a99bdff40b781630a81ea3f7ce9e3d9b75843c54"}
,"/home/rakesh/Documents/evergent-react/app/components/Layout/Layout.js": {"path":"/home/rakesh/Documents/evergent-react/app/components/Layout/Layout.js","statementMap":{"0":{"start":{"line":9,"column":0},"end":{"line":null,"column":-1}},"1":{"start":{"line":10,"column":0},"end":{"line":null,"column":-1}},"2":{"start":{"line":11,"column":0},"end":{"line":null,"column":-1}},"3":{"start":{"line":12,"column":0},"end":{"line":null,"column":-1}},"4":{"start":{"line":13,"column":0},"end":{"line":null,"column":-1}},"5":{"start":{"line":15,"column":15},"end":{"line":15,"column":0}},"6":{"start":{"line":15,"column":15},"end":{"line":null,"column":-1}}},"fnMap":{"0":{"name":"Layout","decl":{"start":{"line":15,"column":6},"end":{"line":15,"column":15}},"loc":{"start":{"line":15,"column":15},"end":{"line":15,"column":0}}}},"branchMap":{},"s":{"0":0,"1":0,"2":0,"3":0,"4":0,"5":0,"6":0},"f":{"0":0},"b":{}}
,"/home/rakesh/Documents/evergent-react/app/components/LoadingIndicator/LoadingIndicator.js": {"path":"/home/rakesh/Documents/evergent-react/app/components/LoadingIndicator/LoadingIndicator.js","statementMap":{"0":{"start":{"line":4,"column":25},"end":{"line":15,"column":1}},"1":{"start":{"line":5,"column":2},"end":{"line":14,"column":8}}},"fnMap":{"0":{"name":"(anonymous_0)","decl":{"start":{"line":4,"column":25},"end":{"line":4,"column":26}},"loc":{"start":{"line":5,"column":2},"end":{"line":14,"column":8}},"line":5}},"branchMap":{},"s":{"0":1,"1":1},"f":{"0":1},"b":{},"_coverageSchema":"332fd63041d2c1bcb487cc26dd0d5f7d97098a6c","hash":"c1bf4442cd9e0823ada9a0f6a98a4c7d45811901"}
,"/home/rakesh/Documents/evergent-react/app/components/LoadingIndicator/index.js": {"path":"/home/rakesh/Documents/evergent-react/app/components/LoadingIndicator/index.js","statementMap":{},"fnMap":{},"branchMap":{},"s":{},"f":{},"b":{},"_coverageSchema":"332fd63041d2c1bcb487cc26dd0d5f7d97098a6c","hash":"cf2fdc8bc9b658b1716947c03aa6390d1d00c8a2"}
,"/home/rakesh/Documents/evergent-react/app/components/PrivateRoute/PrivateRoute.js": {"path":"/home/rakesh/Documents/evergent-react/app/components/PrivateRoute/PrivateRoute.js","statementMap":{"0":{"start":{"line":1,"column":0},"end":{"line":null,"column":-1}},"1":{"start":{"line":2,"column":0},"end":{"line":null,"column":-1}},"2":{"start":{"line":3,"column":0},"end":{"line":null,"column":-1}},"3":{"start":{"line":6,"column":21},"end":{"line":6,"column":0}},"4":{"start":{"line":6,"column":21},"end":{"line":6,"column":20}},"5":{"start":{"line":6,"column":21},"end":{"line":null,"column":-1}},"6":{"start":{"line":9,"column":12},"end":{"line":null,"column":-1}}},"fnMap":{"0":{"name":"PrivateRoute","decl":{"start":{"line":6,"column":6},"end":{"line":6,"column":21}},"loc":{"start":{"line":6,"column":21},"end":{"line":6,"column":0}}},"1":{"name":"render","decl":{"start":{"line":9,"column":12},"end":{"line":9,"column":12}},"loc":{"start":{"line":9,"column":12},"end":{"line":null,"column":-1}}}},"branchMap":{"0":{"loc":{"start":{"line":11,"column":8},"end":{"line":10,"column":6}},"type":"cond-expr","locations":[{"start":{"line":11,"column":8},"end":{"line":10,"column":6}},{"start":{"line":14,"column":10},"end":{"line":9,"column":12}}]}},"s":{"0":0,"1":0,"2":0,"3":0,"4":0,"5":0,"6":0},"f":{"0":0,"1":0},"b":{"0":[0,0]}}
,"/home/rakesh/Documents/evergent-react/app/config/config.js": {"path":"/home/rakesh/Documents/evergent-react/app/config/config.js","statementMap":{"0":{"start":{"line":1,"column":18},"end":{"line":3,"column":1}}},"fnMap":{},"branchMap":{},"s":{"0":8},"f":{},"b":{},"_coverageSchema":"332fd63041d2c1bcb487cc26dd0d5f7d97098a6c","hash":"15c5de58f1c9a1d4396a72870e917a96f4247514"}
,"/home/rakesh/Documents/evergent-react/app/config/index.js": {"path":"/home/rakesh/Documents/evergent-react/app/config/index.js","statementMap":{},"fnMap":{},"branchMap":{},"s":{},"f":{},"b":{},"_coverageSchema":"332fd63041d2c1bcb487cc26dd0d5f7d97098a6c","hash":"d501ee5bdb42ea8fc323404cd08fc4045bfa8ce8"}
[...]
,"/home/rakesh/Documents/evergent-react/app/reducers/configurations.reducer.js": {"path":"/home/rakesh/Documents/evergent-react/app/reducers/configurations.reducer.js","statementMap":{"0":{"start":{"line":3,"column":21},"end":{"line":5,"column":1}},"1":{"start":{"line":7,"column":2},"end":{"line":18,"column":3}},"2":{"start":{"line":9,"column":6},"end":{"line":14,"column":7}},"3":{"start":{"line":10,"column":8},"end":{"line":13,"column":10}},"4":{"start":{"line":15,"column":6},"end":{"line":15,"column":19}},"5":{"start":{"line":17,"column":6},"end":{"line":17,"column":19}}},"fnMap":{"0":{"name":"configurations","decl":{"start":{"line":6,"column":16},"end":{"line":6,"column":30}},"loc":{"start":{"line":6,"column":61},"end":{"line":19,"column":1}},"line":6}},"branchMap":{"0":{"loc":{"start":{"line":6,"column":31},"end":{"line":6,"column":51}},"type":"default-arg","locations":[{"start":{"line":6,"column":39},"end":{"line":6,"column":51}}],"line":6},"1":{"loc":{"start":{"line":7,"column":2},"end":{"line":18,"column":3}},"type":"switch","locations":[{"start":{"line":8,"column":4},"end":{"line":15,"column":19}},{"start":{"line":16,"column":4},"end":{"line":17,"column":19}}],"line":7},"2":{"loc":{"start":{"line":9,"column":6},"end":{"line":14,"column":7}},"type":"if","locations":[{"start":{"line":9,"column":6},"end":{"line":14,"column":7}},{"start":{"line":9,"column":6},"end":{"line":14,"column":7}}],"line":9}},"s":{"0":5,"1":18,"2":0,"3":0,"4":0,"5":18},"f":{"0":18},"b":{"0":[15],"1":[0,18],"2":[0,0]},"_coverageSchema":"332fd63041d2c1bcb487cc26dd0d5f7d97098a6c","hash":"89eeac152166fd1cd1f01745cffde0dd672a4b07"}
,"/home/rakesh/Documents/evergent-react/app/reducers/index.js": {"path":"/home/rakesh/Documents/evergent-react/app/reducers/index.js","statementMap":{"0":{"start":{"line":7,"column":20},"end":{"line":11,"column":2}}},"fnMap":{},"branchMap":{},"s":{"0":5},"f":{},"b":{},"_coverageSchema":"332fd63041d2c1bcb487cc26dd0d5f7d97098a6c","hash":"d330f2f292ce957d4e17213ee546bd496eb075fd"}
,"/home/rakesh/Documents/evergent-react/app/routes/routes.js": {"path":"/home/rakesh/Documents/evergent-react/app/routes/routes.js","statementMap":{"0":{"start":{"line":1,"column":0},"end":{"line":null,"column":-1}},"1":{"start":{"line":2,"column":0},"end":{"line":null,"column":-1}},"2":{"start":{"line":3,"column":0},"end":{"line":null,"column":-1}},"3":{"start":{"line":4,"column":0},"end":{"line":null,"column":-1}},"4":{"start":{"line":5,"column":0},"end":{"line":null,"column":-1}},"5":{"start":{"line":6,"column":0},"end":{"line":null,"column":-1}},"6":{"start":{"line":7,"column":0},"end":{"line":null,"column":-1}},"7":{"start":{"line":8,"column":0},"end":{"line":null,"column":-1}},"8":{"start":{"line":11,"column":2},"end":{"line":10,"column":0}}},"fnMap":{},"branchMap":{},"s":{"0":0,"1":0,"2":0,"3":0,"4":0,"5":0,"6":0,"7":0,"8":0},"f":{},"b":{}}
,"/home/rakesh/Documents/evergent-react/app/services/index.js": {"path":"/home/rakesh/Documents/evergent-react/app/services/index.js","statementMap":{},"fnMap":{},"branchMap":{},"s":{},"f":{},"b":{},"_coverageSchema":"332fd63041d2c1bcb487cc26dd0d5f7d97098a6c","hash":"1442e9758897de691c4168cc69c11d882ab72c2c"}
,"/home/rakesh/Documents/evergent-react/app/services/user.services.js": {"path":"/home/rakesh/Documents/evergent-react/app/services/user.services.js","statementMap":{"0":{"start":{"line":5,"column":27},"end":{"line":5,"column":72}},"1":{"start":{"line":7,"column":23},"end":{"line":15,"column":1}},"2":{"start":{"line":10,"column":23},"end":{"line":10,"column":57}},"3":{"start":{"line":11,"column":2},"end":{"line":13,"column":3}},"4":{"start":{"line":12,"column":4},"end":{"line":12,"column":24}},"5":{"start":{"line":14,"column":2},"end":{"line":14,"column":15}},"6":{"start":{"line":17,"column":14},"end":{"line":43,"column":1}},"7":{"start":{"line":18,"column":25},"end":{"line":26,"column":3}},"8":{"start":{"line":27,"column":2},"end":{"line":42,"column":45}},"9":{"start":{"line":29,"column":6},"end":{"line":38,"column":7}},"10":{"start":{"line":30,"column":8},"end":{"line":32,"column":9}},"11":{"start":{"line":31,"column":10},"end":{"line":31,"column":105}},"12":{"start":{"line":33,"column":21},"end":{"line":33,"column":64}},"13":{"start":{"line":34,"column":8},"end":{"line":34,"column":31}},"14":{"start":{"line":35,"column":8},"end":{"line":35,"column":39}},"15":{"start":{"line":36,"column":8},"end":{"line":36,"column":59}},"16":{"start":{"line":37,"column":8},"end":{"line":37,"column":20}},"17":{"start":{"line":40,"column":6},"end":{"line":40,"column":48}},"18":{"start":{"line":42,"column":22},"end":{"line":42,"column":43}},"19":{"start":{"line":45,"column":15},"end":{"line":49,"column":1}},"20":{"start":{"line":47,"column":2},"end":{"line":47,"column":34}},"21":{"start":{"line":48,"column":2},"end":{"line":48,"column":25}},"22":{"start":{"line":51,"column":18},"end":{"line":61,"column":1}},"23":{"start":{"line":52,"column":22},"end":{"line":52,"column":34}},"24":{"start":{"line":53,"column":2},"end":{"line":53,"column":40}},"25":{"start":{"line":54,"column":25},"end":{"line":58,"column":3}},"26":{"start":{"line":59,"column":2},"end":{"line":60,"column":124}},"27":{"start":{"line":60,"column":24},"end":{"line":60,"column":82}},"28":{"start":{"line":60,"column":101},"end":{"line":60,"column":122}},"29":{"start":{"line":63,"column":24},"end":{"line":86,"column":1}},"30":{"start":{"line":64,"column":22},"end":{"line":64,"column":34}},"31":{"start":{"line":65,"column":2},"end":{"line":68,"column":4}},"32":{"start":{"line":69,"column":25},"end":{"line":73,"column":3}},"33":{"start":{"line":74,"column":2},"end":{"line":85,"column":45}},"34":{"start":{"line":76,"column":6},"end":{"line":81,"column":7}},"35":{"start":{"line":77,"column":8},"end":{"line":79,"column":9}},"36":{"start":{"line":78,"column":10},"end":{"line":78,"column":107}},"37":{"start":{"line":80,"column":8},"end":{"line":80,"column":61}},"38":{"start":{"line":83,"column":6},"end":{"line":83,"column":48}},"39":{"start":{"line":85,"column":22},"end":{"line":85,"column":43}},"40":{"start":{"line":88,"column":26},"end":{"line":111,"column":1}},"41":{"start":{"line":89,"column":22},"end":{"line":89,"column":34}},"42":{"start":{"line":90,"column":2},"end":{"line":93,"column":4}},"43":{"start":{"line":94,"column":25},"end":{"line":98,"column":3}},"44":{"start":{"line":99,"column":2},"end":{"line":110,"column":45}},"45":{"start":{"line":101,"column":6},"end":{"line":106,"column":7}},"46":{"start":{"line":102,"column":8},"end":{"line":104,"column":9}},"47":{"start":{"line":103,"column":10},"end":{"line":103,"column":111}},"48":{"start":{"line":105,"column":8},"end":{"line":105,"column":65}},"49":{"start":{"line":108,"column":6},"end":{"line":108,"column":48}},"50":{"start":{"line":110,"column":22},"end":{"line":110,"column":43}},"51":{"start":{"line":113,"column":24},"end":{"line":133,"column":1}},"52":{"start":{"line":114,"column":22},"end":{"line":114,"column":34}},"53":{"start":{"line":115,"column":2},"end":{"line":115,"column":50}},"54":{"start":{"line":116,"column":2},"end":{"line":116,"column":28}},"55":{"start":{"line":117,"column":25},"end":{"line":121,"column":3}},"56":{"start":{"line":122,"column":2},"end":{"line":132,"column":47}},"57":{"start":{"line":124,"column":6},"end":{"line":129,"column":7}},"58":{"start":{"line":125,"column":8},"end":{"line":127,"column":9}},"59":{"start":{"line":126,"column":10},"end":{"line":126,"column":102}},"60":{"start":{"line":128,"column":8},"end":{"line":128,"column":56}},"61":{"start":{"line":131,"column":6},"end":{"line":131,"column":48}},"62":{"start":{"line":132,"column":24},"end":{"line":132,"column":45}},"63":{"start":{"line":135,"column":27},"end":{"line":158,"column":1}},"64":{"start":{"line":136,"column":22},"end":{"line":136,"column":34}},"65":{"start":{"line":137,"column":2},"end":{"line":140,"column":4}},"66":{"start":{"line":141,"column":25},"end":{"line":145,"column":3}},"67":{"start":{"line":146,"column":2},"end":{"line":157,"column":45}},"68":{"start":{"line":148,"column":6},"end":{"line":153,"column":7}},"69":{"start":{"line":149,"column":8},"end":{"line":151,"column":9}},"70":{"start":{"line":150,"column":10},"end":{"line":150,"column":103}},"71":{"start":{"line":152,"column":8},"end":{"line":152,"column":57}},"72":{"start":{"line":155,"column":6},"end":{"line":155,"column":48}},"73":{"start":{"line":157,"column":22},"end":{"line":157,"column":43}},"74":{"start":{"line":160,"column":26},"end":{"line":181,"column":1}},"75":{"start":{"line":161,"column":22},"end":{"line":161,"column":34}},"76":{"start":{"line":162,"column":2},"end":{"line":162,"column":50}},"77":{"start":{"line":163,"column":2},"end":{"line":163,"column":28}},"78":{"start":{"line":164,"column":2},"end":{"line":164,"column":26}},"79":{"start":{"line":165,"column":25},"end":{"line":169,"column":3}},"80":{"start":{"line":170,"column":2},"end":{"line":180,"column":47}},"81":{"start":{"line":172,"column":6},"end":{"line":177,"column":7}},"82":{"start":{"line":173,"column":8},"end":{"line":175,"column":9}},"83":{"start":{"line":174,"column":10},"end":{"line":174,"column":104}},"84":{"start":{"line":176,"column":8},"end":{"line":176,"column":58}},"85":{"start":{"line":179,"column":6},"end":{"line":179,"column":48}},"86":{"start":{"line":180,"column":24},"end":{"line":180,"column":45}},"87":{"start":{"line":183,"column":20},"end":{"line":192,"column":1}}},"fnMap":{"0":{"name":"(anonymous_0)","decl":{"start":{"line":7,"column":23},"end":{"line":7,"column":24}},"loc":{"start":{"line":7,"column":50},"end":{"line":15,"column":1}},"line":7},"1":{"name":"(anonymous_1)","decl":{"start":{"line":17,"column":14},"end":{"line":17,"column":15}},"loc":{"start":{"line":17,"column":40},"end":{"line":43,"column":1}},"line":17},"2":{"name":"(anonymous_2)","decl":{"start":{"line":28,"column":10},"end":{"line":28,"column":11}},"loc":{"start":{"line":28,"column":24},"end":{"line":41,"column":5}},"line":28},"3":{"name":"(anonymous_3)","decl":{"start":{"line":42,"column":11},"end":{"line":42,"column":12}},"loc":{"start":{"line":42,"column":22},"end":{"line":42,"column":43}},"line":42},"4":{"name":"(anonymous_4)","decl":{"start":{"line":45,"column":15},"end":{"line":45,"column":16}},"loc":{"start":{"line":45,"column":21},"end":{"line":49,"column":1}},"line":45},"5":{"name":"(anonymous_5)","decl":{"start":{"line":51,"column":18},"end":{"line":51,"column":19}},"loc":{"start":{"line":51,"column":24},"end":{"line":61,"column":1}},"line":51},"6":{"name":"(anonymous_6)","decl":{"start":{"line":60,"column":10},"end":{"line":60,"column":11}},"loc":{"start":{"line":60,"column":24},"end":{"line":60,"column":82}},"line":60},"7":{"name":"(anonymous_7)","decl":{"start":{"line":60,"column":90},"end":{"line":60,"column":91}},"loc":{"start":{"line":60,"column":101},"end":{"line":60,"column":122}},"line":60},"8":{"name":"(anonymous_8)","decl":{"start":{"line":63,"column":24},"end":{"line":63,"column":25}},"loc":{"start":{"line":63,"column":38},"end":{"line":86,"column":1}},"line":63},"9":{"name":"(anonymous_9)","decl":{"start":{"line":75,"column":10},"end":{"line":75,"column":11}},"loc":{"start":{"line":75,"column":24},"end":{"line":84,"column":5}},"line":75},"10":{"name":"(anonymous_10)","decl":{"start":{"line":85,"column":11},"end":{"line":85,"column":12}},"loc":{"start":{"line":85,"column":22},"end":{"line":85,"column":43}},"line":85},"11":{"name":"(anonymous_11)","decl":{"start":{"line":88,"column":26},"end":{"line":88,"column":27}},"loc":{"start":{"line":88,"column":42},"end":{"line":111,"column":1}},"line":88},"12":{"name":"(anonymous_12)","decl":{"start":{"line":100,"column":10},"end":{"line":100,"column":11}},"loc":{"start":{"line":100,"column":24},"end":{"line":109,"column":5}},"line":100},"13":{"name":"(anonymous_13)","decl":{"start":{"line":110,"column":11},"end":{"line":110,"column":12}},"loc":{"start":{"line":110,"column":22},"end":{"line":110,"column":43}},"line":110},"14":{"name":"(anonymous_14)","decl":{"start":{"line":113,"column":24},"end":{"line":113,"column":25}},"loc":{"start":{"line":113,"column":46},"end":{"line":133,"column":1}},"line":113},"15":{"name":"(anonymous_15)","decl":{"start":{"line":123,"column":10},"end":{"line":123,"column":11}},"loc":{"start":{"line":123,"column":24},"end":{"line":132,"column":5}},"line":123},"16":{"name":"(anonymous_16)","decl":{"start":{"line":132,"column":13},"end":{"line":132,"column":14}},"loc":{"start":{"line":132,"column":24},"end":{"line":132,"column":45}},"line":132},"17":{"name":"(anonymous_17)","decl":{"start":{"line":135,"column":27},"end":{"line":135,"column":28}},"loc":{"start":{"line":135,"column":45},"end":{"line":158,"column":1}},"line":135},"18":{"name":"(anonymous_18)","decl":{"start":{"line":147,"column":10},"end":{"line":147,"column":11}},"loc":{"start":{"line":147,"column":24},"end":{"line":156,"column":5}},"line":147},"19":{"name":"(anonymous_19)","decl":{"start":{"line":157,"column":11},"end":{"line":157,"column":12}},"loc":{"start":{"line":157,"column":22},"end":{"line":157,"column":43}},"line":157},"20":{"name":"(anonymous_20)","decl":{"start":{"line":160,"column":26},"end":{"line":160,"column":27}},"loc":{"start":{"line":160,"column":54},"end":{"line":181,"column":1}},"line":160},"21":{"name":"(anonymous_21)","decl":{"start":{"line":171,"column":10},"end":{"line":171,"column":11}},"loc":{"start":{"line":171,"column":24},"end":{"line":180,"column":5}},"line":171},"22":{"name":"(anonymous_22)","decl":{"start":{"line":180,"column":13},"end":{"line":180,"column":14}},"loc":{"start":{"line":180,"column":24},"end":{"line":180,"column":45}},"line":180}},"branchMap":{"0":{"loc":{"start":{"line":11,"column":2},"end":{"line":13,"column":3}},"type":"if","locations":[{"start":{"line":11,"column":2},"end":{"line":13,"column":3}},{"start":{"line":11,"column":2},"end":{"line":13,"column":3}}],"line":11},"1":{"loc":{"start":{"line":29,"column":6},"end":{"line":38,"column":7}},"type":"if","locations":[{"start":{"line":29,"column":6},"end":{"line":38,"column":7}},{"start":{"line":29,"column":6},"end":{"line":38,"column":7}}],"line":29},"2":{"loc":{"start":{"line":29,"column":10},"end":{"line":29,"column":70}},"type":"binary-expr","locations":[{"start":{"line":29,"column":10},"end":{"line":29,"column":23}},{"start":{"line":29,"column":27},"end":{"line":29,"column":70}}],"line":29},"3":{"loc":{"start":{"line":30,"column":8},"end":{"line":32,"column":9}},"type":"if","locations":[{"start":{"line":30,"column":8},"end":{"line":32,"column":9}},{"start":{"line":30,"column":8},"end":{"line":32,"column":9}}],"line":30},"4":{"loc":{"start":{"line":76,"column":6},"end":{"line":81,"column":7}},"type":"if","locations":[{"start":{"line":76,"column":6},"end":{"line":81,"column":7}},{"start":{"line":76,"column":6},"end":{"line":81,"column":7}}],"line":76},"5":{"loc":{"start":{"line":76,"column":10},"end":{"line":76,"column":72}},"type":"binary-expr","locations":[{"start":{"line":76,"column":10},"end":{"line":76,"column":23}},{"start":{"line":76,"column":27},"end":{"line":76,"column":72}}],"line":76},"6":{"loc":{"start":{"line":77,"column":8},"end":{"line":79,"column":9}},"type":"if","locations":[{"start":{"line":77,"column":8},"end":{"line":79,"column":9}},{"start":{"line":77,"column":8},"end":{"line":79,"column":9}}],"line":77},"7":{"loc":{"start":{"line":101,"column":6},"end":{"line":106,"column":7}},"type":"if","locations":[{"start":{"line":101,"column":6},"end":{"line":106,"column":7}},{"start":{"line":101,"column":6},"end":{"line":106,"column":7}}],"line":101},"8":{"loc":{"start":{"line":101,"column":10},"end":{"line":101,"column":76}},"type":"binary-expr","locations":[{"start":{"line":101,"column":10},"end":{"line":101,"column":23}},{"start":{"line":101,"column":27},"end":{"line":101,"column":76}}],"line":101},"9":{"loc":{"start":{"line":102,"column":8},"end":{"line":104,"column":9}},"type":"if","locations":[{"start":{"line":102,"column":8},"end":{"line":104,"column":9}},{"start":{"line":102,"column":8},"end":{"line":104,"column":9}}],"line":102},"10":{"loc":{"start":{"line":124,"column":6},"end":{"line":129,"column":7}},"type":"if","locations":[{"start":{"line":124,"column":6},"end":{"line":129,"column":7}},{"start":{"line":124,"column":6},"end":{"line":129,"column":7}}],"line":124},"11":{"loc":{"start":{"line":124,"column":10},"end":{"line":124,"column":67}},"type":"binary-expr","locations":[{"start":{"line":124,"column":10},"end":{"line":124,"column":23}},{"start":{"line":124,"column":27},"end":{"line":124,"column":67}}],"line":124},"12":{"loc":{"start":{"line":125,"column":8},"end":{"line":127,"column":9}},"type":"if","locations":[{"start":{"line":125,"column":8},"end":{"line":127,"column":9}},{"start":{"line":125,"column":8},"end":{"line":127,"column":9}}],"line":125},"13":{"loc":{"start":{"line":148,"column":6},"end":{"line":153,"column":7}},"type":"if","locations":[{"start":{"line":148,"column":6},"end":{"line":153,"column":7}},{"start":{"line":148,"column":6},"end":{"line":153,"column":7}}],"line":148},"14":{"loc":{"start":{"line":148,"column":10},"end":{"line":148,"column":68}},"type":"binary-expr","locations":[{"start":{"line":148,"column":10},"end":{"line":148,"column":23}},{"start":{"line":148,"column":27},"end":{"line":148,"column":68}}],"line":148},"15":{"loc":{"start":{"line":149,"column":8},"end":{"line":151,"column":9}},"type":"if","locations":[{"start":{"line":149,"column":8},"end":{"line":151,"column":9}},{"start":{"line":149,"column":8},"end":{"line":151,"column":9}}],"line":149},"16":{"loc":{"start":{"line":172,"column":6},"end":{"line":177,"column":7}},"type":"if","locations":[{"start":{"line":172,"column":6},"end":{"line":177,"column":7}},{"start":{"line":172,"column":6},"end":{"line":177,"column":7}}],"line":172},"17":{"loc":{"start":{"line":172,"column":10},"end":{"line":172,"column":69}},"type":"binary-expr","locations":[{"start":{"line":172,"column":10},"end":{"line":172,"column":23}},{"start":{"line":172,"column":27},"end":{"line":172,"column":69}}],"line":172},"18":{"loc":{"start":{"line":173,"column":8},"end":{"line":175,"column":9}},"type":"if","locations":[{"start":{"line":173,"column":8},"end":{"line":175,"column":9}},{"start":{"line":173,"column":8},"end":{"line":175,"column":9}}],"line":173}},"s":{"0":8,"1":8,"2":0,"3":0,"4":0,"5":0,"6":8,"7":0,"8":0,"9":0,"10":0,"11":0,"12":0,"13":0,"14":0,"15":0,"16":0,"17":0,"18":0,"19":8,"20":1,"21":1,"22":8,"23":2,"24":2,"25":2,"26":2,"27":0,"28":0,"29":8,"30":2,"31":2,"32":2,"33":2,"34":0,"35":0,"36":0,"37":0,"38":0,"39":0,"40":8,"41":1,"42":1,"43":1,"44":1,"45":0,"46":0,"47":0,"48":0,"49":0,"50":0,"51":8,"52":3,"53":3,"54":3,"55":3,"56":3,"57":0,"58":0,"59":0,"60":0,"61":0,"62":0,"63":8,"64":1,"65":1,"66":1,"67":1,"68":0,"69":0,"70":0,"71":0,"72":0,"73":0,"74":8,"75":0,"76":0,"77":0,"78":0,"79":0,"80":0,"81":0,"82":0,"83":0,"84":0,"85":0,"86":0,"87":8},"f":{"0":0,"1":0,"2":0,"3":0,"4":1,"5":2,"6":0,"7":0,"8":2,"9":0,"10":0,"11":1,"12":0,"13":0,"14":3,"15":0,"16":0,"17":1,"18":0,"19":0,"20":0,"21":0,"22":0},"b":{"0":[0,0],"1":[0,0],"2":[0,0],"3":[0,0],"4":[0,0],"5":[0,0],"6":[0,0],"7":[0,0],"8":[0,0],"9":[0,0],"10":[0,0],"11":[0,0],"12":[0,0],"13":[0,0],"14":[0,0],"15":[0,0],"16":[0,0],"17":[0,0],"18":[0,0]},"_coverageSchema":"332fd63041d2c1bcb487cc26dd0d5f7d97098a6c","hash":"296bee95a821016eb4703c2cd6f3ccc4a863d237"}
}
