TN:
SF:/home/rakesh/Documents/evergent-react/app/store.js
FNF:0
FNH:0
DA:7,5
DA:9,5
LF:2
LH:2
BRF:0
BRH:0
end_of_record
TN:
SF:/home/rakesh/Documents/evergent-react/app/BusinessUnit/AddBusinessUnit.js
FN:14,(anonymous_0)
FN:124,(anonymous_1)
FN:168,(anonymous_2)
FN:216,(anonymous_3)
FN:219,(anonymous_4)
FN:224,(anonymous_5)
FN:235,(anonymous_6)
FN:245,(anonymous_7)
FN:275,(anonymous_8)
FN:280,(anonymous_9)
FN:281,(anonymous_10)
FN:289,(anonymous_11)
FN:296,(anonymous_12)
FN:302,(anonymous_13)
FN:376,(anonymous_14)
FN:389,(anonymous_15)
FN:488,(anonymous_16)
FN:489,(anonymous_17)
FNF:18
FNH:7
FNDA:3,(anonymous_0)
FNDA:2,(anonymous_1)
FNDA:0,(anonymous_2)
FNDA:0,(anonymous_3)
FNDA:0,(anonymous_4)
FNDA:0,(anonymous_5)
FNDA:0,(anonymous_6)
FNDA:0,(anonymous_7)
FNDA:0,(anonymous_8)
FNDA:0,(anonymous_9)
FNDA:0,(anonymous_10)
FNDA:0,(anonymous_11)
FNDA:0,(anonymous_12)
FNDA:9,(anonymous_13)
FNDA:27,(anonymous_14)
FNDA:45,(anonymous_15)
FNDA:1,(anonymous_16)
FNDA:1,(anonymous_17)
DA:15,3
DA:16,3
DA:17,3
DA:85,3
DA:111,3
DA:116,3
DA:117,3
DA:118,3
DA:119,3
DA:120,3
DA:121,3
DA:125,2
DA:126,2
DA:127,2
DA:128,2
DA:129,2
DA:130,2
DA:131,2
DA:149,2
DA:150,2
DA:151,2
DA:152,2
DA:153,2
DA:154,0
DA:166,2
DA:169,0
DA:170,0
DA:216,0
DA:217,0
DA:220,0
DA:221,0
DA:222,0
DA:225,0
DA:226,0
DA:230,0
DA:231,0
DA:232,0
DA:236,0
DA:237,0
DA:246,0
DA:267,0
DA:268,0
DA:269,0
DA:270,0
DA:271,0
DA:276,0
DA:277,0
DA:278,0
DA:279,0
DA:280,0
DA:281,0
DA:282,0
DA:290,0
DA:297,0
DA:303,9
DA:306,9
DA:377,27
DA:390,45
DA:488,1
DA:489,1
LF:60
LH:30
BRDA:129,0,0,2
BRDA:129,0,1,0
BRDA:153,1,0,0
BRDA:153,1,1,2
BRDA:169,2,0,0
BRDA:169,2,1,0
BRDA:267,3,0,0
BRDA:267,3,1,0
BRDA:270,4,0,0
BRDA:270,4,1,0
BRDA:279,5,0,0
BRDA:279,5,1,0
BRDA:303,6,0,2
BRDA:303,6,1,7
BRDA:485,7,0,9
BRDA:485,7,1,2
BRF:16
BRH:6
end_of_record
TN:
SF:/home/rakesh/Documents/evergent-react/app/BusinessUnit/BusinessUnit.js
FN:22,BusinessUnit
FN:51,(anonymous_9)
FN:55,(anonymous_10)
FN:59,(anonymous_11)
FN:88,onClick
FN:96,onClick
FN:105,onClick
FNF:7
FNH:0
FNDA:0,BusinessUnit
FNDA:0,(anonymous_9)
FNDA:0,(anonymous_10)
FNDA:0,(anonymous_11)
FNDA:0,onClick
FNDA:0,onClick
FNDA:0,onClick
DA:9,0
DA:10,0
DA:11,0
DA:12,0
DA:13,0
DA:14,0
DA:15,0
DA:16,0
DA:17,0
DA:19,0
DA:22,0
DA:24,0
DA:25,0
DA:26,0
DA:27,0
DA:28,0
DA:32,0
DA:34,0
DA:39,0
DA:41,0
DA:46,0
DA:47,0
DA:52,0
DA:56,0
DA:60,0
DA:61,0
DA:66,0
DA:68,0
DA:69,0
DA:71,0
DA:72,0
DA:77,0
DA:78,0
DA:79,0
DA:80,0
DA:88,0
DA:96,0
DA:105,0
LF:38
LH:0
BRDA:22,0,0,0
BRDA:22,0,1,0
BRDA:60,1,0,0
BRDA:60,1,1,0
BRDA:67,2,0,0
BRDA:67,2,1,0
BRDA:67,2,2,0
BRDA:27,3,0,0
BRDA:27,3,1,0
BRDA:27,4,0,0
BRDA:27,4,1,0
BRDA:46,5,0,0
BRDA:46,5,1,0
BRF:13
BRH:0
end_of_record
TN:
SF:/home/rakesh/Documents/evergent-react/app/BusinessUnit/BusinessUnitList.js
FN:10,(anonymous_0)
FN:33,(anonymous_1)
FN:38,(anonymous_2)
FN:42,(anonymous_3)
FN:54,(anonymous_4)
FN:64,(anonymous_5)
FN:75,(anonymous_6)
FNF:7
FNH:4
FNDA:2,(anonymous_0)
FNDA:0,(anonymous_1)
FNDA:2,(anonymous_2)
FNDA:0,(anonymous_3)
FNDA:0,(anonymous_4)
FNDA:2,(anonymous_5)
FNDA:4,(anonymous_6)
DA:11,2
DA:13,2
DA:18,2
DA:33,0
DA:39,2
DA:40,2
DA:43,0
DA:44,0
DA:48,0
DA:52,0
DA:55,0
DA:56,0
DA:65,2
DA:66,2
DA:70,0
DA:76,4
LF:16
LH:8
BRDA:43,0,0,0
BRDA:43,0,1,0
BRDA:65,1,0,2
BRDA:65,1,1,0
BRF:4
BRH:1
end_of_record
TN:
SF:/home/rakesh/Documents/evergent-react/app/Campaigns/AddCampaigns.js
FN:15,(anonymous_0)
FN:114,(anonymous_1)
FN:127,(anonymous_2)
FN:130,(anonymous_3)
FN:138,(anonymous_4)
FN:146,(anonymous_5)
FN:151,(anonymous_6)
FN:156,(anonymous_7)
FN:161,(anonymous_8)
FN:166,(anonymous_9)
FN:176,(anonymous_10)
FN:197,(anonymous_11)
FN:219,(anonymous_12)
FN:225,(anonymous_13)
FN:233,(anonymous_14)
FN:319,(anonymous_15)
FN:341,(anonymous_16)
FNF:17
FNH:7
FNDA:3,(anonymous_0)
FNDA:3,(anonymous_1)
FNDA:3,(anonymous_2)
FNDA:0,(anonymous_3)
FNDA:0,(anonymous_4)
FNDA:0,(anonymous_5)
FNDA:0,(anonymous_6)
FNDA:0,(anonymous_7)
FNDA:0,(anonymous_8)
FNDA:0,(anonymous_9)
FNDA:3,(anonymous_10)
FNDA:1,(anonymous_11)
FNDA:0,(anonymous_12)
FNDA:0,(anonymous_13)
FNDA:9,(anonymous_14)
FNDA:45,(anonymous_15)
FNDA:0,(anonymous_16)
DA:16,3
DA:18,3
DA:68,3
DA:87,3
DA:105,3
DA:106,3
DA:107,3
DA:108,3
DA:109,3
DA:110,3
DA:115,3
DA:116,3
DA:117,0
DA:118,0
DA:119,0
DA:121,3
DA:122,3
DA:123,3
DA:128,3
DA:131,0
DA:132,0
DA:134,0
DA:140,0
DA:147,0
DA:152,0
DA:157,0
DA:162,0
DA:167,0
DA:170,0
DA:171,0
DA:173,0
DA:177,3
DA:178,0
DA:179,0
DA:180,0
DA:191,3
DA:198,1
DA:199,1
DA:200,1
DA:201,1
DA:202,1
DA:203,1
DA:204,1
DA:207,1
DA:208,1
DA:209,1
DA:210,1
DA:211,1
DA:212,1
DA:213,1
DA:216,1
DA:217,1
DA:218,1
DA:220,0
DA:221,0
DA:223,0
DA:226,0
DA:227,0
DA:234,9
DA:237,9
DA:320,45
DA:342,0
LF:62
LH:38
BRDA:116,0,0,0
BRDA:116,0,1,3
BRDA:116,1,0,3
BRDA:116,1,1,2
BRDA:131,2,0,0
BRDA:131,2,1,0
BRDA:170,3,0,0
BRDA:170,3,1,0
BRDA:177,4,0,0
BRDA:177,4,1,3
BRDA:181,5,0,0
BRDA:181,5,1,0
BRDA:182,6,0,0
BRDA:182,6,1,0
BRDA:184,7,0,0
BRDA:184,7,1,0
BRDA:185,8,0,0
BRDA:185,8,1,0
BRDA:186,9,0,0
BRDA:186,9,1,0
BRDA:202,10,0,1
BRDA:202,10,1,0
BRDA:234,11,0,1
BRDA:234,11,1,8
BRDA:328,12,0,9
BRDA:328,12,1,9
BRDA:358,13,0,9
BRDA:358,13,1,1
BRF:28
BRH:11
end_of_record
TN:
SF:/home/rakesh/Documents/evergent-react/app/Campaigns/Campaigns.js
FN:20,(anonymous_0)
FN:56,(anonymous_1)
FN:56,(anonymous_2)
FN:62,(anonymous_3)
FN:68,(anonymous_4)
FN:72,(anonymous_5)
FN:84,(anonymous_6)
FN:91,(anonymous_7)
FN:94,(anonymous_8)
FNF:9
FNH:2
FNDA:2,(anonymous_0)
FNDA:0,(anonymous_1)
FNDA:0,(anonymous_2)
FNDA:0,(anonymous_3)
FNDA:0,(anonymous_4)
FNDA:0,(anonymous_5)
FNDA:0,(anonymous_6)
FNDA:0,(anonymous_7)
FNDA:2,(anonymous_8)
DA:21,2
DA:22,2
DA:26,2
DA:56,0
DA:63,0
DA:66,0
DA:69,0
DA:70,0
DA:72,0
DA:73,0
DA:74,0
DA:75,0
DA:79,0
DA:85,0
DA:86,0
DA:92,0
DA:95,2
LF:17
LH:4
BRDA:69,0,0,0
BRDA:69,0,1,0
BRDA:73,1,0,0
BRDA:73,1,1,0
BRF:4
BRH:0
end_of_record
TN:
SF:/home/rakesh/Documents/evergent-react/app/Products/AddProducts.js
FN:16,(anonymous_0)
FN:143,(anonymous_1)
FN:154,(anonymous_2)
FN:159,(anonymous_3)
FN:164,(anonymous_4)
FN:169,(anonymous_5)
FN:177,(anonymous_6)
FN:183,(anonymous_7)
FN:193,(anonymous_8)
FN:223,(anonymous_9)
FN:255,(anonymous_10)
FN:260,(anonymous_11)
FN:268,(anonymous_12)
FN:284,(anonymous_13)
FN:297,(anonymous_14)
FN:350,(anonymous_15)
FNF:16
FNH:8
FNDA:3,(anonymous_0)
FNDA:3,(anonymous_1)
FNDA:0,(anonymous_2)
FNDA:0,(anonymous_3)
FNDA:0,(anonymous_4)
FNDA:0,(anonymous_5)
FNDA:0,(anonymous_6)
FNDA:0,(anonymous_7)
FNDA:3,(anonymous_8)
FNDA:1,(anonymous_9)
FNDA:0,(anonymous_10)
FNDA:0,(anonymous_11)
FNDA:9,(anonymous_12)
FNDA:27,(anonymous_13)
FNDA:9,(anonymous_14)
FNDA:45,(anonymous_15)
DA:17,3
DA:18,3
DA:81,3
DA:100,3
DA:117,3
DA:136,3
DA:137,3
DA:138,3
DA:139,3
DA:140,3
DA:144,3
DA:145,0
DA:146,0
DA:147,0
DA:149,3
DA:150,3
DA:151,3
DA:155,0
DA:160,0
DA:165,0
DA:170,0
DA:171,0
DA:172,0
DA:173,0
DA:177,0
DA:179,0
DA:184,0
DA:187,0
DA:188,0
DA:190,0
DA:194,3
DA:195,3
DA:200,0
DA:201,0
DA:202,0
DA:224,1
DA:225,1
DA:226,1
DA:227,1
DA:228,1
DA:229,1
DA:230,1
DA:233,1
DA:234,1
DA:235,1
DA:236,1
DA:237,1
DA:238,1
DA:239,1
DA:240,1
DA:241,1
DA:243,0
DA:245,1
DA:246,1
DA:248,0
DA:250,1
DA:251,1
DA:252,0
DA:254,1
DA:256,0
DA:257,0
DA:258,0
DA:261,0
DA:262,0
DA:269,9
DA:272,9
DA:285,27
DA:298,9
DA:351,45
LF:69
LH:42
BRDA:144,0,0,0
BRDA:144,0,1,3
BRDA:144,1,0,3
BRDA:144,1,1,2
BRDA:187,2,0,0
BRDA:187,2,1,0
BRDA:194,3,0,3
BRDA:194,3,1,0
BRDA:204,4,0,0
BRDA:204,4,1,0
BRDA:205,5,0,0
BRDA:205,5,1,0
BRDA:206,6,0,0
BRDA:206,6,1,0
BRDA:207,7,0,0
BRDA:207,7,1,0
BRDA:209,8,0,0
BRDA:209,8,1,0
BRDA:210,9,0,0
BRDA:210,9,1,0
BRDA:211,10,0,0
BRDA:211,10,1,0
BRDA:212,11,0,0
BRDA:212,11,1,0
BRDA:214,12,0,0
BRDA:214,12,1,0
BRDA:215,13,0,0
BRDA:215,13,1,0
BRDA:228,14,0,1
BRDA:228,14,1,0
BRDA:240,15,0,1
BRDA:240,15,1,0
BRDA:245,16,0,1
BRDA:245,16,1,0
BRDA:251,17,0,0
BRDA:251,17,1,1
BRDA:269,18,0,1
BRDA:269,18,1,8
BRDA:297,19,0,9
BRDA:297,19,1,9
BRDA:359,20,0,9
BRDA:359,20,1,9
BRDA:397,21,0,9
BRDA:397,21,1,1
BRF:44
BRH:16
end_of_record
TN:
SF:/home/rakesh/Documents/evergent-react/app/Products/Products.js
FN:17,(anonymous_0)
FN:74,(anonymous_1)
FN:74,(anonymous_2)
FN:79,(anonymous_3)
FN:85,(anonymous_4)
FN:95,(anonymous_5)
FN:100,(anonymous_6)
FN:107,(anonymous_7)
FN:110,(anonymous_8)
FNF:9
FNH:2
FNDA:2,(anonymous_0)
FNDA:0,(anonymous_1)
FNDA:0,(anonymous_2)
FNDA:0,(anonymous_3)
FNDA:0,(anonymous_4)
FNDA:0,(anonymous_5)
FNDA:0,(anonymous_6)
FNDA:0,(anonymous_7)
FNDA:2,(anonymous_8)
DA:18,2
DA:19,2
DA:23,2
DA:74,0
DA:80,0
DA:83,0
DA:86,0
DA:87,0
DA:89,0
DA:94,0
DA:95,0
DA:96,0
DA:98,0
DA:101,0
DA:108,0
DA:111,2
LF:16
LH:4
BRDA:86,0,0,0
BRDA:86,0,1,0
BRF:2
BRH:0
end_of_record
TN:
SF:/home/rakesh/Documents/evergent-react/app/actions/alert.actions.js
FN:3,success
FN:7,error
FN:11,clear
FNF:3
FNH:1
FNDA:0,success
FNDA:0,error
FNDA:3,clear
DA:4,0
DA:8,0
DA:12,3
DA:15,8
LF:4
LH:2
BRF:0
BRH:0
end_of_record
TN:
SF:/home/rakesh/Documents/evergent-react/app/actions/configuration.actions.js
FN:4,pageDefault
FNF:1
FNH:0
FNDA:0,pageDefault
DA:5,0
DA:7,8
LF:2
LH:1
BRF:0
BRH:0
end_of_record
TN:
SF:/home/rakesh/Documents/evergent-react/app/actions/index.js
FNF:0
FNH:0
LF:0
LH:0
BRF:0
BRH:0
end_of_record
TN:
SF:/home/rakesh/Documents/evergent-react/app/actions/user.actions.js
FN:6,(anonymous_0)
FN:7,request
FN:9,success
FN:11,failure
FN:12,(anonymous_4)
FN:17,(anonymous_5)
FN:21,(anonymous_6)
FN:29,(anonymous_7)
FNF:8
FNH:1
FNDA:0,(anonymous_0)
FNDA:0,request
FNDA:0,success
FNDA:0,failure
FNDA:0,(anonymous_4)
FNDA:0,(anonymous_5)
FNDA:0,(anonymous_6)
FNDA:1,(anonymous_7)
DA:6,8
DA:7,0
DA:9,0
DA:11,0
DA:12,0
DA:13,0
DA:15,0
DA:18,0
DA:19,0
DA:22,0
DA:23,0
DA:29,8
DA:30,1
DA:31,1
DA:33,8
LF:15
LH:5
BRF:0
BRH:0
end_of_record
TN:
SF:/home/rakesh/Documents/evergent-react/app/commons/FormValidatior.js
FN:4,(anonymous_0)
FN:9,(anonymous_1)
FN:14,(anonymous_2)
FN:42,(anonymous_3)
FN:45,(anonymous_4)
FNF:5
FNH:5
FNDA:9,(anonymous_0)
FNDA:8,(anonymous_1)
FNDA:80,(anonymous_2)
FNDA:17,(anonymous_3)
FNDA:167,(anonymous_4)
DA:6,9
DA:11,8
DA:14,8
DA:16,80
DA:20,80
DA:21,80
DA:23,80
DA:32,80
DA:33,0
DA:34,0
DA:39,8
DA:43,17
DA:45,17
DA:46,167
DA:49,17
LF:15
LH:13
BRDA:16,0,0,80
BRDA:16,0,1,0
BRDA:21,1,0,80
BRDA:21,1,1,80
BRDA:23,2,0,80
BRDA:23,2,1,0
BRDA:32,3,0,0
BRDA:32,3,1,80
BRF:8
BRH:5
end_of_record
TN:
SF:/home/rakesh/Documents/evergent-react/app/commons/index.js
FNF:0
FNH:0
LF:0
LH:0
BRF:0
BRH:0
end_of_record
TN:
SF:/home/rakesh/Documents/evergent-react/app/commons/validations.js
FN:2,Validations
FN:16,BuValidations
FNF:2
FNH:0
FNDA:0,Validations
FNDA:0,BuValidations
DA:2,0
DA:3,0
DA:4,0
DA:5,0
DA:6,0
DA:7,0
DA:10,0
DA:11,0
DA:12,0
DA:14,0
DA:16,0
DA:17,0
DA:18,0
DA:20,0
DA:21,0
DA:22,0
DA:24,0
DA:25,0
DA:26,0
DA:28,0
DA:29,0
DA:30,0
DA:32,0
DA:33,0
DA:34,0
DA:36,0
DA:37,0
DA:38,0
DA:40,0
DA:41,0
DA:42,0
DA:44,0
DA:45,0
DA:46,0
DA:48,0
DA:49,0
DA:50,0
DA:52,0
DA:53,0
DA:54,0
DA:56,0
DA:57,0
DA:58,0
DA:60,0
DA:61,0
DA:62,0
DA:64,0
DA:65,0
DA:66,0
DA:68,0
LF:50
LH:0
BRDA:5,0,0,0
BRDA:5,0,1,0
BRDA:5,1,0,0
BRDA:5,1,1,0
BRDA:10,2,0,0
BRDA:10,2,1,0
BRDA:10,3,0,0
BRDA:10,3,1,0
BRDA:20,4,0,0
BRDA:20,4,1,0
BRDA:20,5,0,0
BRDA:20,5,1,0
BRDA:24,6,0,0
BRDA:24,6,1,0
BRDA:24,7,0,0
BRDA:24,7,1,0
BRDA:28,8,0,0
BRDA:28,8,1,0
BRDA:28,9,0,0
BRDA:28,9,1,0
BRDA:32,10,0,0
BRDA:32,10,1,0
BRDA:32,11,0,0
BRDA:32,11,1,0
BRDA:36,12,0,0
BRDA:36,12,1,0
BRDA:36,13,0,0
BRDA:36,13,1,0
BRDA:40,14,0,0
BRDA:40,14,1,0
BRDA:40,15,0,0
BRDA:40,15,1,0
BRDA:44,16,0,0
BRDA:44,16,1,0
BRDA:44,17,0,0
BRDA:44,17,1,0
BRDA:48,18,0,0
BRDA:48,18,1,0
BRDA:48,19,0,0
BRDA:48,19,1,0
BRDA:52,20,0,0
BRDA:52,20,1,0
BRDA:52,21,0,0
BRDA:52,21,1,0
BRDA:56,22,0,0
BRDA:56,22,1,0
BRDA:56,23,0,0
BRDA:56,23,1,0
BRDA:60,24,0,0
BRDA:60,24,1,0
BRDA:60,25,0,0
BRDA:60,25,1,0
BRDA:64,26,0,0
BRDA:64,26,1,0
BRDA:64,27,0,0
BRDA:64,27,1,0
BRF:56
BRH:0
end_of_record
TN:
SF:/home/rakesh/Documents/evergent-react/app/components/Footer/Footer.js
FN:5,(anonymous_0)
FNF:1
FNH:1
FNDA:1,(anonymous_0)
DA:5,1
DA:6,1
LF:2
LH:2
BRF:0
BRH:0
end_of_record
TN:
SF:/home/rakesh/Documents/evergent-react/app/components/Footer/index.js
FNF:0
FNH:0
LF:0
LH:0
BRF:0
BRH:0
end_of_record
TN:
SF:/home/rakesh/Documents/evergent-react/app/components/Header/Header.js
FN:12,(anonymous_0)
FNF:1
FNH:1
FNDA:1,(anonymous_0)
DA:10,1
DA:12,1
DA:13,1
LF:3
LH:3
BRDA:10,0,0,1
BRDA:10,0,1,1
BRF:2
BRH:2
end_of_record
TN:
SF:/home/rakesh/Documents/evergent-react/app/components/Header/index.js
FNF:0
FNH:0
LF:0
LH:0
BRF:0
BRH:0
end_of_record
TN:
SF:/home/rakesh/Documents/evergent-react/app/components/Layout/Layout.js
FN:15,Layout
FNF:1
FNH:0
FNDA:0,Layout
DA:9,0
DA:10,0
DA:11,0
DA:12,0
DA:13,0
DA:15,0
LF:6
LH:0
BRF:0
BRH:0
end_of_record
TN:
SF:/home/rakesh/Documents/evergent-react/app/components/LoadingIndicator/LoadingIndicator.js
FN:4,(anonymous_0)
FNF:1
FNH:1
FNDA:1,(anonymous_0)
DA:4,1
DA:5,1
LF:2
LH:2
BRF:0
BRH:0
end_of_record
TN:
SF:/home/rakesh/Documents/evergent-react/app/components/LoadingIndicator/index.js
FNF:0
FNH:0
LF:0
LH:0
BRF:0
BRH:0
end_of_record
TN:
SF:/home/rakesh/Documents/evergent-react/app/components/PrivateRoute/PrivateRoute.js
FN:6,PrivateRoute
FN:9,render
FNF:2
FNH:0
FNDA:0,PrivateRoute
FNDA:0,render
DA:1,0
DA:2,0
DA:3,0
DA:6,0
DA:9,0
LF:5
LH:0
BRDA:11,0,0,0
BRDA:11,0,1,0
BRF:2
BRH:0
end_of_record
TN:
SF:/home/rakesh/Documents/evergent-react/app/config/config.js
FNF:0
FNH:0
DA:1,8
LF:1
LH:1
BRF:0
BRH:0
end_of_record
TN:
SF:/home/rakesh/Documents/evergent-react/app/config/index.js
FNF:0
FNH:0
LF:0
LH:0
BRF:0
BRH:0
end_of_record
TN:
SF:/home/rakesh/Documents/evergent-react/app/constants/alert.constants.js
FNF:0
FNH:0
DA:1,8
LF:1
LH:1
BRF:0
BRH:0
end_of_record
TN:
SF:/home/rakesh/Documents/evergent-react/app/constants/app.constants.js
FNF:0
FNH:0
DA:1,8
LF:1
LH:1
BRF:0
BRH:0
end_of_record
TN:
SF:/home/rakesh/Documents/evergent-react/app/constants/index.js
FNF:0
FNH:0
LF:0
LH:0
BRF:0
BRH:0
end_of_record
TN:
SF:/home/rakesh/Documents/evergent-react/app/containers/App/App.js
FN:19,App
FN:22,(anonymous_9)
FN:51,mapStateToProps
FNF:3
FNH:0
FNDA:0,App
FNDA:0,(anonymous_9)
FNDA:0,mapStateToProps
DA:9,0
DA:10,0
DA:11,0
DA:12,0
DA:13,0
DA:14,0
DA:15,0
DA:16,0
DA:19,0
DA:21,0
DA:22,0
DA:24,0
DA:29,0
DA:30,0
DA:34,0
DA:35,0
DA:52,0
DA:53,0
LF:18
LH:0
BRDA:19,0,0,0
BRDA:19,0,1,0
BRDA:37,1,0,0
BRDA:37,1,1,0
BRF:4
BRH:0
end_of_record
TN:
SF:/home/rakesh/Documents/evergent-react/app/containers/Dashboard/Dashboard.js
FN:12,Dashboard
FNF:1
FNH:0
FNDA:0,Dashboard
DA:9,0
DA:10,0
DA:12,0
LF:3
LH:0
BRF:0
BRH:0
end_of_record
TN:
SF:/home/rakesh/Documents/evergent-react/app/containers/ETable/ETable.js
FN:9,(anonymous_0)
FN:17,(anonymous_1)
FN:21,(anonymous_2)
FN:26,(anonymous_3)
FN:42,mapStateToProps
FNF:5
FNH:0
FNDA:0,(anonymous_0)
FNDA:0,(anonymous_1)
FNDA:0,(anonymous_2)
FNDA:0,(anonymous_3)
FNDA:0,mapStateToProps
DA:10,0
DA:11,0
DA:12,0
DA:18,0
DA:22,0
DA:23,0
DA:27,0
DA:43,0
LF:8
LH:0
BRF:0
BRH:0
end_of_record
TN:
SF:/home/rakesh/Documents/evergent-react/app/containers/ETable/index.js
FNF:0
FNH:0
LF:0
LH:0
BRF:0
BRH:0
end_of_record
TN:
SF:/home/rakesh/Documents/evergent-react/app/containers/Login/Login.js
FN:9,(anonymous_0)
FN:20,(anonymous_1)
FN:25,(anonymous_2)
FN:34,(anonymous_3)
FN:77,mapStateToProps
FNF:5
FNH:2
FNDA:1,(anonymous_0)
FNDA:0,(anonymous_1)
FNDA:0,(anonymous_2)
FNDA:2,(anonymous_3)
FNDA:0,mapStateToProps
DA:10,1
DA:11,1
DA:16,1
DA:17,1
DA:18,1
DA:21,0
DA:22,0
DA:23,0
DA:26,0
DA:27,0
DA:28,0
DA:29,0
DA:30,0
DA:31,0
DA:35,2
DA:36,2
DA:37,2
DA:78,0
DA:79,0
DA:84,1
LF:20
LH:9
BRDA:30,0,0,0
BRDA:30,0,1,0
BRDA:30,1,0,0
BRDA:30,1,1,0
BRDA:49,2,0,0
BRDA:49,2,1,2
BRDA:49,3,0,2
BRDA:49,3,1,0
BRDA:52,4,0,2
BRDA:52,4,1,0
BRDA:52,4,2,0
BRDA:56,5,0,0
BRDA:56,5,1,2
BRDA:56,6,0,2
BRDA:56,6,1,0
BRDA:59,7,0,2
BRDA:59,7,1,0
BRDA:59,7,2,0
BRDA:64,8,0,2
BRDA:64,8,1,0
BRF:20
BRH:7
end_of_record
TN:
SF:/home/rakesh/Documents/evergent-react/app/containers/Login/index.js
FNF:0
FNH:0
DA:2,0
LF:1
LH:0
BRF:0
BRH:0
end_of_record
TN:
SF:/home/rakesh/Documents/evergent-react/app/containers/Logout/Logout.js
FN:10,(anonymous_0)
FN:14,(anonymous_1)
FN:17,(anonymous_2)
FN:29,(anonymous_3)
FNF:4
FNH:0
FNDA:0,(anonymous_0)
FNDA:0,(anonymous_1)
FNDA:0,(anonymous_2)
FNDA:0,(anonymous_3)
DA:7,1
DA:11,0
DA:12,0
DA:15,0
DA:18,0
DA:29,1
LF:6
LH:2
BRF:0
BRH:0
end_of_record
TN:
SF:/home/rakesh/Documents/evergent-react/app/containers/Logout/index.js
FNF:0
FNH:0
LF:0
LH:0
BRF:0
BRH:0
end_of_record
TN:
SF:/home/rakesh/Documents/evergent-react/app/helpers/auth-header.js
FN:1,authHeader
FNF:1
FNH:1
FNDA:9,authHeader
DA:3,9
DA:10,9
DA:11,0
DA:16,9
LF:4
LH:3
BRDA:10,0,0,0
BRDA:10,0,1,9
BRDA:10,1,0,9
BRDA:10,1,1,0
BRDA:10,1,2,0
BRF:5
BRH:2
end_of_record
TN:
SF:/home/rakesh/Documents/evergent-react/app/helpers/history.js
FNF:0
FNH:0
DA:3,8
LF:1
LH:1
BRF:0
BRH:0
end_of_record
TN:
SF:/home/rakesh/Documents/evergent-react/app/helpers/index.js
FNF:0
FNH:0
LF:0
LH:0
BRF:0
BRH:0
end_of_record
TN:
SF:/home/rakesh/Documents/evergent-react/app/reducers/alerts.reducer.js
FN:3,alert
FNF:1
FNH:1
FNDA:18,alert
DA:4,18
DA:6,0
DA:11,0
DA:16,3
DA:18,15
LF:5
LH:3
BRDA:3,0,0,15
BRDA:4,1,0,0
BRDA:4,1,1,0
BRDA:4,1,2,3
BRDA:4,1,3,15
BRF:5
BRH:3
end_of_record
TN:
SF:/home/rakesh/Documents/evergent-react/app/reducers/authentication.reducer.js
FN:5,authentication
FNF:1
FNH:1
FNDA:18,authentication
DA:3,5
DA:4,5
DA:6,18
DA:8,0
DA:13,0
DA:18,0
DA:20,0
DA:22,18
LF:8
LH:4
BRDA:4,0,0,0
BRDA:4,0,1,5
BRDA:5,1,0,15
BRDA:6,2,0,0
BRDA:6,2,1,0
BRDA:6,2,2,0
BRDA:6,2,3,0
BRDA:6,2,4,18
BRF:8
BRH:3
end_of_record
TN:
SF:/home/rakesh/Documents/evergent-react/app/reducers/configurations.reducer.js
FN:6,configurations
FNF:1
FNH:1
FNDA:18,configurations
DA:3,5
DA:7,18
DA:9,0
DA:10,0
DA:15,0
DA:17,18
LF:6
LH:3
BRDA:6,0,0,15
BRDA:7,1,0,0
BRDA:7,1,1,18
BRDA:9,2,0,0
BRDA:9,2,1,0
BRF:5
BRH:2
end_of_record
TN:
SF:/home/rakesh/Documents/evergent-react/app/reducers/index.js
FNF:0
FNH:0
DA:7,5
LF:1
LH:1
BRF:0
BRH:0
end_of_record
TN:
SF:/home/rakesh/Documents/evergent-react/app/routes/routes.js
FNF:0
FNH:0
DA:1,0
DA:2,0
DA:3,0
DA:4,0
DA:5,0
DA:6,0
DA:7,0
DA:8,0
DA:11,0
LF:9
LH:0
BRF:0
BRH:0
end_of_record
TN:
SF:/home/rakesh/Documents/evergent-react/app/services/index.js
FNF:0
FNH:0
LF:0
LH:0
BRF:0
BRH:0
end_of_record
TN:
SF:/home/rakesh/Documents/evergent-react/app/services/user.services.js
FN:7,(anonymous_0)
FN:17,(anonymous_1)
FN:28,(anonymous_2)
FN:42,(anonymous_3)
FN:45,(anonymous_4)
FN:51,(anonymous_5)
FN:60,(anonymous_6)
FN:60,(anonymous_7)
FN:63,(anonymous_8)
FN:75,(anonymous_9)
FN:85,(anonymous_10)
FN:88,(anonymous_11)
FN:100,(anonymous_12)
FN:110,(anonymous_13)
FN:113,(anonymous_14)
FN:123,(anonymous_15)
FN:132,(anonymous_16)
FN:135,(anonymous_17)
FN:147,(anonymous_18)
FN:157,(anonymous_19)
FN:160,(anonymous_20)
FN:171,(anonymous_21)
FN:180,(anonymous_22)
FNF:23
FNH:6
FNDA:0,(anonymous_0)
FNDA:0,(anonymous_1)
FNDA:0,(anonymous_2)
FNDA:0,(anonymous_3)
FNDA:1,(anonymous_4)
FNDA:2,(anonymous_5)
FNDA:0,(anonymous_6)
FNDA:0,(anonymous_7)
FNDA:2,(anonymous_8)
FNDA:0,(anonymous_9)
FNDA:0,(anonymous_10)
FNDA:1,(anonymous_11)
FNDA:0,(anonymous_12)
FNDA:0,(anonymous_13)
FNDA:3,(anonymous_14)
FNDA:0,(anonymous_15)
FNDA:0,(anonymous_16)
FNDA:1,(anonymous_17)
FNDA:0,(anonymous_18)
FNDA:0,(anonymous_19)
FNDA:0,(anonymous_20)
FNDA:0,(anonymous_21)
FNDA:0,(anonymous_22)
DA:5,8
DA:7,8
DA:10,0
DA:11,0
DA:12,0
DA:14,0
DA:17,8
DA:18,0
DA:27,0
DA:29,0
DA:30,0
DA:31,0
DA:33,0
DA:34,0
DA:35,0
DA:36,0
DA:37,0
DA:40,0
DA:42,0
DA:45,8
DA:47,1
DA:48,1
DA:51,8
DA:52,2
DA:53,2
DA:54,2
DA:59,2
DA:60,0
DA:63,8
DA:64,2
DA:65,2
DA:69,2
DA:74,2
DA:76,0
DA:77,0
DA:78,0
DA:80,0
DA:83,0
DA:85,0
DA:88,8
DA:89,1
DA:90,1
DA:94,1
DA:99,1
DA:101,0
DA:102,0
DA:103,0
DA:105,0
DA:108,0
DA:110,0
DA:113,8
DA:114,3
DA:115,3
DA:116,3
DA:117,3
DA:122,3
DA:124,0
DA:125,0
DA:126,0
DA:128,0
DA:131,0
DA:132,0
DA:135,8
DA:136,1
DA:137,1
DA:141,1
DA:146,1
DA:148,0
DA:149,0
DA:150,0
DA:152,0
DA:155,0
DA:157,0
DA:160,8
DA:161,0
DA:162,0
DA:163,0
DA:164,0
DA:165,0
DA:170,0
DA:172,0
DA:173,0
DA:174,0
DA:176,0
DA:179,0
DA:180,0
DA:183,8
LF:87
LH:34
BRDA:11,0,0,0
BRDA:11,0,1,0
BRDA:29,1,0,0
BRDA:29,1,1,0
BRDA:29,2,0,0
BRDA:29,2,1,0
BRDA:30,3,0,0
BRDA:30,3,1,0
BRDA:76,4,0,0
BRDA:76,4,1,0
BRDA:76,5,0,0
BRDA:76,5,1,0
BRDA:77,6,0,0
BRDA:77,6,1,0
BRDA:101,7,0,0
BRDA:101,7,1,0
BRDA:101,8,0,0
BRDA:101,8,1,0
BRDA:102,9,0,0
BRDA:102,9,1,0
BRDA:124,10,0,0
BRDA:124,10,1,0
BRDA:124,11,0,0
BRDA:124,11,1,0
BRDA:125,12,0,0
BRDA:125,12,1,0
BRDA:148,13,0,0
BRDA:148,13,1,0
BRDA:148,14,0,0
BRDA:148,14,1,0
BRDA:149,15,0,0
BRDA:149,15,1,0
BRDA:172,16,0,0
BRDA:172,16,1,0
BRDA:172,17,0,0
BRDA:172,17,1,0
BRDA:173,18,0,0
BRDA:173,18,1,0
BRF:38
BRH:0
end_of_record
